[2022-11-14T00:15:46.118041+00:00] app_logs.INFO: agente1@bng.com - login com sucesso [] []
[2022-11-14T00:22:01.079492+00:00] app_logs.INFO: agente1@bng.com - fez logout [] []
[2022-11-14T00:22:39.168546+00:00] app_logs.INFO: admin@bng.com - login com sucesso [] []
[2022-11-14T00:35:39.565622+00:00] app_logs.INFO: admin@bng.com - fez logout [] []
[2022-11-14T00:35:49.300586+00:00] app_logs.INFO: agente1@bng.com - login com sucesso [] []
[2022-11-14T00:53:54.052532+00:00] app_logs.INFO: agente1@bng.com - fez logout [] []
[2022-11-14T21:50:56.808998+00:00] app_logs.INFO: agente1@bng.com - login com sucesso [] []
[2022-11-19T23:16:52.168180+00:00] app_logs.INFO: admin@bng.com - login com sucesso [] []
[2022-11-19T23:17:05.712795+00:00] app_logs.INFO: admin@bng.com - fez logout [] []
[2022-11-19T23:17:12.968720+00:00] app_logs.INFO: agente1@bng.com - login com sucesso [] []
[2025-11-08T17:43:21.430200+00:00] app_logs.INFO: admin@bng.com - login com sucesso [] []
[2025-11-08T21:58:50.780290+00:00] app_logs.INFO: admin@bng.com - fez logout [] []
[2025-11-08T21:58:57.166997+00:00] app_logs.INFO: agente1@bng.com - login com sucesso [] []
[2025-11-08T23:44:06.177333+00:00] app_logs.INFO: agente1@bng.com - fez logout [] []
[2025-11-08T23:44:11.271110+00:00] app_logs.INFO: agente1@bng.com - login com sucesso [] []
[2025-11-10T13:02:28.102827+00:00] app_logs.ERROR: admin@bng.com - login inválido [] []
[2025-11-10T13:02:35.503492+00:00] app_logs.ERROR: admin@bng.com - login inválido [] []
[2025-11-10T13:02:57.806638+00:00] app_logs.INFO: admin@bng.com - login com sucesso [] []
[2025-11-10T13:03:37.902617+00:00] app_logs.INFO: admin@bng.com - fez logout [] []
[2025-11-10T13:03:44.437326+00:00] app_logs.INFO: agente1@bng.com - login com sucesso [] []
[2025-11-10T13:11:58.072130+00:00] app_logs.INFO: agente1@bng.com - fez logout [] []
[2025-11-10T13:12:19.366199+00:00] app_logs.INFO: agente2@bng.com - login com sucesso [] []
[2025-11-10T13:12:54.555856+00:00] app_logs.INFO: agente2@bng.com - fez logout [] []
[2025-11-10T13:12:59.239570+00:00] app_logs.INFO: agente1@bng.com - login com sucesso [] []
[2025-11-10T18:56:44.951930+00:00] app_logs.INFO: agente1@bng.com- atualizou dados do cliente ID: 1 [] []
[2025-11-10T21:00:27.366055+00:00] app_logs.INFO: agente1@bng.com - atualizou dados do cliente ID: 1 [] []
[2025-11-10T20:55:56.602585+00:00] app_logs.INFO: agente1@bng.com - atualizou dados do cliente ID: 1 [] []
[2025-11-10T21:00:09.301412+00:00] app_logs.INFO: agente1@bng.com - fez logout [] []
[2025-11-10T21:00:15.466774+00:00] app_logs.INFO: admin@bng.com - login com sucesso [] []
[2025-11-10T21:00:32.030090+00:00] app_logs.INFO: admin@bng.com - fez logout [] []
[2025-11-10T21:00:38.654306+00:00] app_logs.INFO: agente1@bng.com - login com sucesso [] []
[2025-12-04T13:06:04.393590+00:00] app_logs.ERROR: admin@bng.com - login inválido [] []
[2025-12-04T13:06:15.756791+00:00] app_logs.ERROR: admin@bng.com - login inválido [] []
[2025-12-04T13:08:19.099810+00:00] app_logs.ERROR: admin@bng.com - login inválido [] []
[2025-12-04T13:13:51.380585+00:00] app_logs.ERROR: agente1@bng.com - login inválido [] []
[2025-12-04T13:15:09.524579+00:00] app_logs.ERROR: admin@bng.com - login inválido [] []
[2025-12-04T13:15:18.807491+00:00] app_logs.ERROR: admin@bng.com - login inválido [] []
[2025-12-04T13:16:13.573858+00:00] app_logs.ERROR: admin@bng.com - login inválido [] []
[2025-12-04T13:27:55.594346+00:00] app_logs.ERROR: admin@bng.com - login inválido [] []
[2025-12-04T13:28:38.736622+00:00] app_logs.ERROR: admin@bng.com - login inválido [] []
[2025-12-04T13:33:16.925781+00:00] app_logs.ERROR: admin@bng.com - login inválido [] []
[2025-12-04T13:33:30.922859+00:00] app_logs.ERROR: admin@bng.com - login inválido [] []
[2025-12-05T12:43:01.908101+00:00] app_logs.ERROR: admin@bng.com - login inválido [] []
[2025-12-05T12:51:20.293177+00:00] app_logs.ERROR: admin@bng.com - login inválido [] []
[2025-12-05T12:54:55.193358+00:00] app_logs.ERROR: admin@bng.com - login inválido [] []
[2025-12-05T12:57:15.814725+00:00] app_logs.ERROR: admin@bng.com - login inválido [] []
[2025-12-05T12:58:31.301316+00:00] app_logs.ERROR: admin@bng.com - login inválido [] []
[2025-12-05T12:58:45.222275+00:00] app_logs.ERROR: admin@bng.com - login inválido [] []
[2025-12-05T12:58:51.640133+00:00] app_logs.ERROR: admin@bng.com - login inválido [] []
[2025-12-05T13:06:38.647139+00:00] app_logs.INFO: admin@bng.com - login com sucesso [] []
[2025-12-05T13:12:32.062229+00:00] app_logs.INFO: admin@bng.com - fez logout [] []
[2025-12-05T13:14:38.444827+00:00] app_logs.INFO: admin@bng.com - login com sucesso [] []
[2025-12-05T13:14:50.135438+00:00] app_logs.INFO: admin@bng.com - fez logout [] []
[2025-12-05T13:14:54.749282+00:00] app_logs.ERROR: admin@bng.com - login inválido [] []
[2025-12-05T13:15:02.345672+00:00] app_logs.INFO: admin@bng.com - login com sucesso [] []
[2025-12-05T13:25:37.132254+00:00] app_logs.INFO: admin@bng.com - fez logout [] []
[2025-12-05T13:39:48.343949+00:00] app_logs.ERROR: agente.joao - login inválido [] []
[2025-12-05T13:40:21.310745+00:00] app_logs.INFO: admin - login com sucesso [] []
[2025-12-05T13:40:30.566113+00:00] app_logs.INFO: admin - fez logout [] []
[2025-12-05T13:40:35.510148+00:00] app_logs.ERROR: agente.joao - login inválido [] []
[2025-12-05T13:40:49.837360+00:00] app_logs.INFO: agent.joao - login com sucesso [] []
[2025-12-07T14:08:34.709465+00:00] app_logs.ERROR: agente1@bng.com - login inválido [] []
[2025-12-07T14:10:20.825456+00:00] app_logs.ERROR: admin_master - login inválido [] []
[2025-12-07T14:15:03.294553+00:00] app_logs.ERROR: admin@bng - login inválido [] []
[2025-12-07T14:15:09.024359+00:00] app_logs.ERROR: admin@bng.com - login inválido [] []
[2025-12-07T14:17:10.658178+00:00] app_logs.ERROR: admin@bng.com - login inválido [] []
[2025-12-07T14:17:19.243504+00:00] app_logs.ERROR: admin - login inválido [] []
[2025-12-07T14:18:10.385836+00:00] app_logs.ERROR: agente1@bng.com - login inválido [] []
[2025-12-07T14:20:17.935329+00:00] app_logs.ERROR: agente1@bng.com - login inválido [] []
[2025-12-07T14:20:20.060644+00:00] app_logs.ERROR: agente1@bng.com - login inválido [] []
[2025-12-07T14:20:33.294918+00:00] app_logs.ERROR: user1 - login inválido [] []
[2025-12-07T14:24:56.533497+00:00] app_logs.ERROR: admin - login inválido [] []
[2025-12-07T14:25:42.820011+00:00] app_logs.ERROR: admin - login inválido [] []
[2025-12-07T14:30:16.677437+00:00] app_logs.ERROR: admin - login inválido [] []
[2025-12-07T14:30:59.861988+00:00] app_logs.ERROR: admin - login inválido [] []
[2025-12-07T14:32:07.154768+00:00] app_logs.ERROR: agente1@bng.com - login inválido [] []
[2025-12-07T14:32:19.526244+00:00] app_logs.ERROR: admin@bng.com - login inválido [] []
[2025-12-07T14:34:36.547753+00:00] app_logs.ERROR: agente1 - login inválido [] []
[2025-12-07T14:34:58.355728+00:00] app_logs.ERROR: agent1 - login inválido [] []
[2025-12-07T14:41:49.642314+00:00] app_logs.ERROR: agent1 - login inválido [] []
[2025-12-07T14:42:12.931507+00:00] app_logs.ERROR: admin - login inválido [] []
[2025-12-07T14:42:27.576483+00:00] app_logs.ERROR: agent1 - login inválido [] []
[2025-12-07T14:42:49.462135+00:00] app_logs.ERROR: admin - login inválido [] []
[2025-12-07T14:43:18.755693+00:00] app_logs.ERROR: admin - login inválido [] []
[2025-12-07T14:45:20.465272+00:00] app_logs.ERROR: admin - login inválido [] []
[2025-12-07T14:45:35.164777+00:00] app_logs.ERROR: agent1 - login inválido [] []
[2025-12-07T14:45:44.999019+00:00] app_logs.ERROR: agente1@bng.com - login inválido [] []
[2025-12-07T14:45:58.791433+00:00] app_logs.ERROR: agent1@bng.com - login inválido [] []
[2025-12-07T14:59:32.014673+00:00] app_logs.ERROR: agent1 - login inválido [] []
[2025-12-07T15:04:34.507426+00:00] app_logs.ERROR: agent1 - login inválido [] []
[2025-12-07T15:04:46.553879+00:00] app_logs.ERROR: agent1 - login inválido [] []
[2025-12-07T15:08:12.522064+00:00] app_logs.ERROR: agent1 - login inválido [] []
[2025-12-07T15:08:32.721938+00:00] app_logs.ERROR: admin@bng.com - login inválido [] []
[2025-12-07T15:08:44.656286+00:00] app_logs.ERROR: admin@bng.com - login inválido [] []
[2025-12-07T15:09:13.833257+00:00] app_logs.ERROR: admin@bng.com - login inválido [] []
[2025-12-07T15:18:34.795829+00:00] app_logs.ERROR: admin@bng.com - login inválido [] []
[2025-12-07T15:20:48.715121+00:00] app_logs.ERROR: admin - login inválido [] []
[2025-12-07T15:24:07.563851+00:00] app_logs.ERROR: admin - login inválido [] []
[2025-12-07T15:24:21.279712+00:00] app_logs.ERROR: admin - login inválido [] []
[2025-12-07T15:26:38.471861+00:00] app_logs.ERROR: admin - login inválido [] []
[2025-12-07T15:26:45.686692+00:00] app_logs.ERROR: admin - login inválido [] []
[2025-12-07T15:30:00.797969+00:00] app_logs.ERROR: admin@bng.com - login inválido [] []
[2025-12-07T15:41:02.470494+00:00] app_logs.ERROR: admin@bng.com - login inválido [] []
[2025-12-07T15:41:14.744318+00:00] app_logs.ERROR: admin@bng.com - login inválido [] []
[2025-12-07T15:44:45.789614+00:00] app_logs.INFO: admin@bng.com - login com sucesso [] []
[2025-12-07T15:44:51.685192+00:00] app_logs.INFO: admin@bng.com - fez logout [] []
[2025-12-07T15:45:07.698582+00:00] app_logs.ERROR: agente1@bng.com - login inválido [] []
[2025-12-07T15:45:20.127735+00:00] app_logs.ERROR: admin@bng.com - login inválido [] []
[2025-12-07T15:45:27.094968+00:00] app_logs.INFO: admin@bng.com - login com sucesso [] []
[2025-12-07T15:45:29.487854+00:00] app_logs.INFO: admin@bng.com - fez logout [] []
[2025-12-07T15:45:44.326125+00:00] app_logs.ERROR: agente1@bng.com - login inválido [] []
[2025-12-07T15:46:12.323122+00:00] app_logs.INFO: agent1@bng.com - login com sucesso [] []
[2025-12-08T12:55:11.642604+00:00] app_logs.ERROR: admin@bng.com - login inválido [] []
[2025-12-08T12:55:27.044235+00:00] app_logs.INFO: admin@bng.com - login com sucesso [] []
[2025-12-08T12:55:55.732599+00:00] app_logs.INFO: admin@bng.com - fez logout [] []
[2025-12-08T12:56:55.658386+00:00] app_logs.ERROR: agente1@bng.com - login inválido [] []
[2025-12-08T12:57:08.112036+00:00] app_logs.ERROR: agente1@bng.com - login inválido [] []
[2025-12-08T12:59:54.213833+00:00] app_logs.ERROR: agente.joao - login inválido [] []
[2025-12-08T13:01:36.683998+00:00] app_logs.ERROR: agente.joao - login inválido [] []
[2025-12-08T13:10:43.248988+00:00] app_logs.ERROR: agente.joao - login inválido [] []
[2025-12-08T13:10:54.924657+00:00] app_logs.INFO: agent.joao - login com sucesso [] []
[2025-12-08T13:44:08.738283+00:00] app_logs.INFO: agent.joao - fez logout [] []
[2025-12-08T13:44:21.801926+00:00] app_logs.INFO: agent.maria - login com sucesso [] []
[2025-12-08T13:51:36.919592+00:00] app_logs.INFO: agent.maria - atualizou dados do cliente ID: 2 [] []
[2025-12-08T17:51:50.121489+00:00] app_logs.INFO: agent.maria - fez logout [] []
[2025-12-08T17:52:01.312195+00:00] app_logs.ERROR: agente.joao - login inválido [] []
[2025-12-08T17:52:15.843313+00:00] app_logs.ERROR: agente1.joao - login inválido [] []
[2025-12-08T17:52:34.254658+00:00] app_logs.INFO: agent.joao - login com sucesso [] []
[2025-12-09T12:29:18.837026+00:00] app_logs.INFO: agent.joao - login com sucesso [] []
[2025-12-10T12:04:47.143317+00:00] app_logs.INFO: agent.joao - login com sucesso [] []
[2025-12-13T22:14:51.699806+00:00] app_logs.INFO: agent.joao - login com sucesso [] []
[2025-12-14T13:02:19.257305+00:00] app_logs.INFO: agent.joao - login com sucesso [] []
[2025-12-14T13:54:10.051201+00:00] app_logs.INFO: agent.joao - carregamento de ficheiro efetuado: dados_clientes_1.csv [] []
[2025-12-14T13:54:10.055111+00:00] app_logs.INFO: agent.joao - report: {"total":4,"total_carregados":4,"total_nao_carregados":0} [] []
[2025-12-14T13:55:54.288850+00:00] app_logs.INFO: agent.joao - carregamento de ficheiro efetuado: dados_clientes_1.csv [] []
[2025-12-14T13:55:54.290055+00:00] app_logs.INFO: agent.joao - report: {"total":4,"total_carregados":0,"total_nao_carregados":4} [] []
[2025-12-14T13:57:14.884986+00:00] app_logs.INFO: agent.joao - carregamento de ficheiro efetuado: template.xlsx [] []
[2025-12-14T13:57:14.886503+00:00] app_logs.INFO: agent.joao - report: {"total":4,"total_carregados":4,"total_nao_carregados":0} [] []
[2025-12-14T13:57:25.541957+00:00] app_logs.INFO: agent.joao - carregamento de ficheiro efetuado: dados_clientes_1.csv [] []
[2025-12-14T13:57:25.543231+00:00] app_logs.INFO: agent.joao - report: {"total":4,"total_carregados":0,"total_nao_carregados":4} [] []
[2025-12-14T14:35:36.486873+00:00] app_logs.INFO: agent.joao - carregamento de ficheiro efetuado: dados_clientes_1.csv [] []
[2025-12-14T14:35:36.488052+00:00] app_logs.INFO: agent.joao - report: {"total":4,"total_carregados":0,"total_nao_carregados":4} [] []
[2025-12-14T14:35:44.646284+00:00] app_logs.INFO: agent.joao - carregamento de ficheiro efetuado: template.xlsx [] []
[2025-12-14T14:35:44.647559+00:00] app_logs.INFO: agent.joao - report: {"total":4,"total_carregados":4,"total_nao_carregados":0} [] []
[2025-12-14T14:36:39.958027+00:00] app_logs.INFO: agent.joao - carregamento de ficheiro efetuado: template.xlsx [] []
[2025-12-14T14:36:39.958974+00:00] app_logs.INFO: agent.joao - report: {"total":4,"total_carregados":4,"total_nao_carregados":0} [] []
[2025-12-14T14:37:18.450063+00:00] app_logs.INFO: agent.joao - carregamento de ficheiro efetuado: template.xlsx [] []
[2025-12-14T14:37:18.450972+00:00] app_logs.INFO: agent.joao - report: {"total":4,"total_carregados":4,"total_nao_carregados":0} [] []
[2025-12-14T14:38:24.616427+00:00] app_logs.INFO: agent.joao - carregamento de ficheiro efetuado: template.xlsx [] []
[2025-12-14T14:38:24.617646+00:00] app_logs.INFO: agent.joao - report: {"total":4,"total_carregados":4,"total_nao_carregados":0} [] []
[2025-12-14T14:38:35.489909+00:00] app_logs.INFO: agent.joao - carregamento de ficheiro efetuado: template.xlsx [] []
[2025-12-14T14:38:35.491062+00:00] app_logs.INFO: agent.joao - report: {"total":4,"total_carregados":4,"total_nao_carregados":0} [] []
[2025-12-15T11:45:27.371499+00:00] app_logs.INFO: agent.joao - login com sucesso [] []
[2025-12-15T12:01:47.928898+00:00] app_logs.ERROR: Erro ao converter data: Data vazia [] []
[2025-12-15T12:01:47.934965+00:00] app_logs.ERROR: Erro ao converter data: Data vazia [] []
[2025-12-15T12:01:47.938887+00:00] app_logs.ERROR: Erro ao converter data: Data vazia [] []
[2025-12-15T12:01:47.942642+00:00] app_logs.ERROR: Erro ao converter data: Data vazia [] []
[2025-12-15T12:01:47.945987+00:00] app_logs.INFO: agent.joao - carregamento de ficheiro efetuado: template.xlsx [] []
[2025-12-15T12:01:47.946509+00:00] app_logs.INFO: agent.joao - report: {"total":4,"total_carregados":4,"total_nao_carregados":0} [] []
[2025-12-15T12:02:19.141350+00:00] app_logs.INFO: agent.joao - Eliminado o cliente id: 15 [] []
[2025-12-15T12:02:22.518405+00:00] app_logs.INFO: agent.joao - Eliminado o cliente id: 42 [] []
[2025-12-15T12:02:26.101829+00:00] app_logs.INFO: agent.joao - Eliminado o cliente id: 41 [] []
[2025-12-15T12:02:29.635574+00:00] app_logs.INFO: agent.joao - Eliminado o cliente id: 40 [] []
[2025-12-15T12:02:32.750358+00:00] app_logs.INFO: agent.joao - Eliminado o cliente id: 39 [] []
[2025-12-15T12:02:35.620515+00:00] app_logs.INFO: agent.joao - Eliminado o cliente id: 38 [] []
[2025-12-15T12:02:42.004687+00:00] app_logs.INFO: agent.joao - Eliminado o cliente id: 16 [] []
[2025-12-15T12:02:44.636662+00:00] app_logs.INFO: agent.joao - Eliminado o cliente id: 17 [] []
[2025-12-15T12:02:48.332014+00:00] app_logs.INFO: agent.joao - Eliminado o cliente id: 37 [] []
[2025-12-15T12:02:51.899647+00:00] app_logs.INFO: agent.joao - Eliminado o cliente id: 36 [] []
[2025-12-15T12:02:55.284924+00:00] app_logs.INFO: agent.joao - Eliminado o cliente id: 35 [] []
[2025-12-15T12:02:58.916862+00:00] app_logs.INFO: agent.joao - Eliminado o cliente id: 34 [] []
[2025-12-15T12:03:01.940129+00:00] app_logs.INFO: agent.joao - Eliminado o cliente id: 33 [] []
[2025-12-15T12:03:04.596765+00:00] app_logs.INFO: agent.joao - Eliminado o cliente id: 32 [] []
[2025-12-15T12:03:09.670763+00:00] app_logs.INFO: agent.joao - Eliminado o cliente id: 18 [] []
[2025-12-15T12:03:12.539210+00:00] app_logs.INFO: agent.joao - Eliminado o cliente id: 19 [] []
[2025-12-15T12:03:16.580846+00:00] app_logs.INFO: agent.joao - Eliminado o cliente id: 20 [] []
[2025-12-15T12:03:19.268407+00:00] app_logs.INFO: agent.joao - Eliminado o cliente id: 21 [] []
[2025-12-15T12:03:22.459664+00:00] app_logs.INFO: agent.joao - Eliminado o cliente id: 31 [] []
[2025-12-15T12:03:25.171032+00:00] app_logs.INFO: agent.joao - Eliminado o cliente id: 30 [] []
[2025-12-15T12:03:29.444409+00:00] app_logs.INFO: agent.joao - Eliminado o cliente id: 22 [] []
[2025-12-15T12:03:34.260936+00:00] app_logs.INFO: agent.joao - Eliminado o cliente id: 29 [] []
[2025-12-15T12:03:36.877163+00:00] app_logs.INFO: agent.joao - Eliminado o cliente id: 28 [] []
[2025-12-15T12:03:39.084128+00:00] app_logs.INFO: agent.joao - Eliminado o cliente id: 27 [] []
[2025-12-15T12:03:41.412530+00:00] app_logs.INFO: agent.joao - Eliminado o cliente id: 26 [] []
[2025-12-15T12:03:44.731508+00:00] app_logs.INFO: agent.joao - Eliminado o cliente id: 25 [] []
[2025-12-15T12:03:47.803613+00:00] app_logs.INFO: agent.joao - Eliminado o cliente id: 24 [] []
[2025-12-15T12:03:50.267087+00:00] app_logs.INFO: agent.joao - Eliminado o cliente id: 23 [] []
[2025-12-15T12:03:52.815876+00:00] app_logs.INFO: agent.joao - fez download da lista de clientes para o ficheiro: output_1765800231.xlsx | total: 9 registos. [] []
[2025-12-15T12:54:42.496409+00:00] app_logs.INFO: agent.joao - Eliminado o cliente id: 23 [] []
[2025-12-15T20:36:44.072845+00:00] app_logs.INFO: agent.joao - login com sucesso [] []
[2025-12-16T13:18:44.328785+00:00] app_logs.INFO: agent.joao - login com sucesso [] []
[2025-12-16T13:37:36.599617+00:00] app_logs.INFO: agent.joao - fez logout [] []
[2025-12-16T13:38:46.597651+00:00] app_logs.ERROR: agente1@bng.com - login inválido [] []
[2025-12-16T13:38:56.666614+00:00] app_logs.ERROR: agente1@bng.com - login inválido [] []
[2025-12-16T13:39:31.976020+00:00] app_logs.ERROR: admin@bng.com - login inválido [] []
[2025-12-16T13:40:28.043217+00:00] app_logs.ERROR: admin@bng.com - login inválido [] []
[2025-12-16T13:43:11.460251+00:00] app_logs.ERROR: agente1@bng.com - login inválido [] []
[2025-12-16T13:49:27.744465+00:00] app_logs.ERROR: agente1@bng.com - login inválido [] []
[2025-12-16T13:51:10.088916+00:00] app_logs.ERROR: agent@bng.com - login inválido [] []
[2025-12-16T14:07:44.159168+00:00] app_logs.ERROR: agent@bng.com - login inválido [] []
[2025-12-16T14:07:55.067333+00:00] app_logs.ERROR: agent@bng.com - login inválido [] []
[2025-12-16T14:12:14.647832+00:00] app_logs.ERROR: agent@bng.com - login inválido [] []
[2025-12-16T14:12:39.598168+00:00] app_logs.ERROR: agente@bng.com - login inválido [] []
[2025-12-16T14:13:01.629372+00:00] app_logs.ERROR: agente@bng.com - login inválido [] []
[2025-12-16T14:13:12.115038+00:00] app_logs.ERROR: admin@bng.com - login inválido [] []
[2025-12-16T14:37:02.914856+00:00] app_logs.ERROR: admin@bng.com - login inválido [] []
[2025-12-16T14:37:10.850308+00:00] app_logs.ERROR: admin@bng.com - login inválido [] []
[2025-12-16T14:47:18.400565+00:00] app_logs.ERROR: admin@bng.com - login inválido [] []
[2025-12-16T14:47:32.808257+00:00] app_logs.ERROR: agente1@bng.com - login inválido [] []
[2025-12-16T15:22:04.895207+00:00] app_logs.ERROR: admin@bng.com - login inválido [] []
[2025-12-16T15:22:43.803716+00:00] app_logs.ERROR: admin@bng.com - login inválido [] []
[2025-12-16T15:51:17.948967+00:00] app_logs.ERROR: admin@bng.com - login inválido [] []
[2025-12-16T15:51:41.058455+00:00] app_logs.ERROR: admin@bng.com - login inválido [] []
[2025-12-16T15:54:00.966912+00:00] app_logs.ERROR: agente1@bng.com - login inválido [] []
[2025-12-16T16:01:44.188061+00:00] app_logs.ERROR: agente1@bng.com - login inválido [] []
[2025-12-16T16:04:25.947113+00:00] app_logs.ERROR: agente1@bng.com - login inválido [] []
[2025-12-16T16:04:39.094919+00:00] app_logs.ERROR: admin@bng.com - login inválido [] []
[2025-12-16T16:07:19.779305+00:00] app_logs.ERROR: admin@bng.com - login inválido [] []
[2025-12-16T16:08:02.406358+00:00] app_logs.ERROR: admin@bng.com - login inválido [] []
[2025-12-16T16:08:20.808488+00:00] app_logs.ERROR: admin@bng.com - login inválido [] []
[2025-12-16T16:18:26.954812+00:00] app_logs.ERROR: admin@bng.com - login inválido [] []
[2025-12-16T16:18:51.944710+00:00] app_logs.ERROR: admin@bng.com - login inválido [] []
[2025-12-16T16:19:04.762655+00:00] app_logs.ERROR: admin@bng.com - login inválido [] []
[2025-12-16T17:07:49.631309+00:00] app_logs.ERROR: admin@bng.com - login inválido [] []
[2025-12-16T17:08:20.680459+00:00] app_logs.ERROR: admin@bng.com - login inválido [] []
[2025-12-16T17:09:29.347274+00:00] app_logs.ERROR: admin@bng.com - login inválido [] []
[2025-12-16T17:11:09.788091+00:00] app_logs.ERROR: admin@bng.com - login inválido [] []
[2025-12-16T17:11:25.890719+00:00] app_logs.INFO: admin@bng.com - login com sucesso [] []
[2025-12-16T17:11:46.091275+00:00] app_logs.INFO: admin@bng.com - fez logout [] []
[2025-12-16T17:12:00.089570+00:00] app_logs.ERROR: agente1@bng.com - login inválido [] []
[2025-12-16T17:12:19.318594+00:00] app_logs.INFO: agent1@bng.com - login com sucesso [] []
[2025-12-16T17:12:33.416396+00:00] app_logs.INFO: agent1@bng.com - fez download da lista de clientes para o ficheiro: output_1765905150.xlsx | total: 2 registos. [] []
[2025-12-16T17:13:37.326521+00:00] app_logs.INFO: agent1@bng.com - adicionou novo cliente: joaomarcelosuzartcastro@gmail.com [] []
[2025-12-16T17:13:56.267552+00:00] app_logs.INFO: agent1@bng.com - atualizou dados do cliente ID: 5 [] []
[2025-12-16T17:13:59.176360+00:00] app_logs.INFO: agent1@bng.com - fez logout [] []
[2025-12-16T17:14:04.709926+00:00] app_logs.ERROR: agente1@bng.com - login inválido [] []
[2025-12-16T17:14:20.838667+00:00] app_logs.INFO: agent1@bng.com - login com sucesso [] []
[2025-12-16T17:15:43.161971+00:00] app_logs.INFO: agent1@bng.com - fez logout [] []
[2025-12-16T17:16:00.054357+00:00] app_logs.INFO: agent1@bng.com - login com sucesso [] []
[2025-12-16T17:18:20.614391+00:00] app_logs.INFO: agent1@bng.com - fez logout [] []
[2025-12-16T17:18:26.050650+00:00] app_logs.ERROR: agent1@bng.com - login inválido [] []
[2025-12-16T17:18:35.849275+00:00] app_logs.INFO: agent1@bng.com - login com sucesso [] []
[2025-12-16T17:32:58.952753+00:00] app_logs.INFO: agent1@bng.com - fez logout [] []
[2025-12-16T17:51:04.490748+00:00] app_logs.INFO: agent1@bng.com - login com sucesso [] []
[2025-12-16T17:51:22.431049+00:00] app_logs.INFO: agent1@bng.com - fez download da lista de clientes para o ficheiro: output_1765907482.xlsx | total: 2 registos. [] []
[2025-12-16T17:51:31.200443+00:00] app_logs.INFO: agent1@bng.com - fez logout [] []
[2025-12-16T17:51:44.953368+00:00] app_logs.INFO: agent2@bng.com - login com sucesso [] []
[2025-12-16T17:52:35.100533+00:00] app_logs.ERROR: agent2@bng.com - tentou carregar um ficheiro com header incorreto: output_1765907482.xlsx [] []
[2025-12-16T17:52:43.469267+00:00] app_logs.ERROR: Erro ao converter data: Data vazia [] []
[2025-12-16T17:52:43.475669+00:00] app_logs.ERROR: Erro ao converter data: Data vazia [] []
[2025-12-16T17:52:43.480032+00:00] app_logs.ERROR: Erro ao converter data: Data vazia [] []
[2025-12-16T17:52:43.486405+00:00] app_logs.ERROR: Erro ao converter data: Data vazia [] []
[2025-12-16T17:52:43.492527+00:00] app_logs.INFO: agent2@bng.com - carregamento de ficheiro efetuado: template (1).xlsx [] []
[2025-12-16T17:52:43.493064+00:00] app_logs.INFO: agent2@bng.com - report: {"total":4,"total_carregados":4,"total_nao_carregados":0} [] []
[2025-12-17T12:06:02.716913+00:00] app_logs.INFO: admin@bng.com - login com sucesso [] []
[2025-12-17T12:08:38.780954+00:00] app_logs.INFO: admin@bng.com - fez logout [] []
[2025-12-17T12:08:44.794809+00:00] app_logs.INFO: agent1@bng.com - login com sucesso [] []
[2025-12-17T12:27:22.071502+00:00] app_logs.INFO: agent1@bng.com - fez logout [] []
[2025-12-17T12:27:41.403608+00:00] app_logs.INFO: admin@bng.com - login com sucesso [] []
[2025-12-17T13:08:49.524664+00:00] app_logs.INFO: admin@bng.com - fez logout [] []
[2025-12-17T13:09:07.281929+00:00] app_logs.INFO: agent1@bng.com - login com sucesso [] []
[2025-12-17T13:09:13.384954+00:00] app_logs.INFO: agent1@bng.com - fez logout [] []
[2025-12-17T13:09:17.685906+00:00] app_logs.INFO: admin@bng.com - login com sucesso [] []
[2025-12-17T13:25:53.891143+00:00] app_logs.INFO: admin@bng.com - login com sucesso [] []
[2025-12-17T20:49:42.900140+00:00] app_logs.INFO: admin@bng.com - login com sucesso [] []
[2025-12-17T21:52:18.582987+00:00] app_logs.INFO: admin@bng.com - fez download da lista de clientes para o ficheiro: output_1766008335.xlsx | total: 8 registos. [] []
[2025-12-17T23:14:25.389044+00:00] app_logs.INFO: admin@bng.com - fez download da lista de clientes para o ficheiro: output_1766013265.xlsx | total: 3 registos. [] []
[2025-12-17T23:14:28.130225+00:00] app_logs.INFO: admin@bng.com - fez download da lista de clientes para o ficheiro: output_1766013268.xlsx | total: 3 registos. [] []
[2025-12-17T23:14:31.997318+00:00] app_logs.INFO: admin@bng.com - fez download da lista de clientes para o ficheiro: output_1766013271.xlsx | total: 3 registos. [] []
[2025-12-17T23:14:45.575146+00:00] app_logs.INFO: admin@bng.com - fez download da lista de clientes para o ficheiro: output_1766013285.xlsx | total: 3 registos. [] []
[2025-12-17T23:14:47.949377+00:00] app_logs.INFO: admin@bng.com - fez download da lista de clientes para o ficheiro: output_1766013287.xlsx | total: 3 registos. [] []
[2025-12-17T23:15:39.817955+00:00] app_logs.INFO: admin@bng.com - fez download da lista de clientes para o ficheiro: output_1766013339.xlsx | total: 3 registos. [] []
[2025-12-17T23:17:02.288071+00:00] app_logs.INFO: admin@bng.com - fez download da lista de clientes para o ficheiro: output_1766013422.xlsx | total: 3 registos. [] []
[2025-12-18T11:29:39.499406+00:00] app_logs.INFO: agent1@bng.com - login com sucesso [] []
[2025-12-18T11:31:24.804866+00:00] app_logs.INFO: agent1@bng.com - adicionou novo cliente: joaomarcelosuzartcastro@gmail.com [] []
[2025-12-18T11:31:55.348387+00:00] app_logs.INFO: agent1@bng.com - atualizou dados do cliente ID: 12 [] []
[2025-12-18T11:32:03.772799+00:00] app_logs.INFO: agent1@bng.com - fez download da lista de clientes para o ficheiro: output_1766057520.xlsx | total: 3 registos. [] []
[2025-12-18T11:39:22.804377+00:00] app_logs.INFO: agent1@bng.com - Eliminado o cliente id: 5 [] []
[2025-12-18T11:39:44.703111+00:00] app_logs.INFO: agent1@bng.com - atualizou dados do cliente ID: 8 [] []
[2025-12-19T12:38:56.379321+00:00] app_logs.INFO: agent1@bng.com - login com sucesso [] []
[2025-12-19T14:39:42.691400+00:00] app_logs.INFO: agent1@bng.com - fez logout [] []
[2025-12-19T14:40:01.057461+00:00] app_logs.INFO: admin@bng.com - login com sucesso [] []
[2025-12-19T15:41:53.527332+00:00] app_logs.INFO: admin@bng.com - login com sucesso [] []
[2025-12-19T15:47:03.692796+00:00] app_logs.INFO: admin@bng.com - fez logout [] []
[2025-12-19T15:48:55.091254+00:00] app_logs.INFO: admin@bng.com - login com sucesso [] []
[2025-12-20T12:20:38.985861+00:00] app_logs.ERROR: agent@bng.com - login inválido [] []
[2025-12-20T12:20:54.540559+00:00] app_logs.INFO: agent1@bng.com - login com sucesso [] []
[2025-12-20T12:22:02.702129+00:00] app_logs.INFO: agent1@bng.com - adicionou novo cliente: joaomarcelosuzartcastro@gmail.com [] []
[2025-12-20T12:22:20.765799+00:00] app_logs.INFO: agent1@bng.com - atualizou dados do cliente ID: 5 [] []
[2025-12-20T12:31:40.946097+00:00] app_logs.INFO: agent1@bng.com - atualizou dados do cliente ID: 5 [] []
[2025-12-20T12:45:49.096016+00:00] app_logs.INFO: agent1@bng.com - atualizou dados do cliente ID: 5 [] []
[2025-12-20T12:48:06.940842+00:00] app_logs.INFO: agent1@bng.com - fez logout [] []
[2025-12-20T12:48:26.746437+00:00] app_logs.INFO: admin@bng.com - login com sucesso [] []
[2025-12-21T13:53:02.905817+00:00] app_logs.INFO: admin@bng.com - login com sucesso [] []
[2025-12-21T13:53:49.217029+00:00] app_logs.INFO: admin@bng.com - fez logout [] []
[2025-12-21T13:55:13.974016+00:00] app_logs.ERROR: agent1@bng.com - login inválido [] []
[2025-12-21T13:55:17.022957+00:00] app_logs.ERROR: agent1@bng.com - login inválido [] []
[2025-12-21T13:55:47.070152+00:00] app_logs.ERROR: agent1@bng.com - login inválido [] []
[2025-12-21T13:56:14.278440+00:00] app_logs.ERROR: agent1@bng.com - login inválido [] []
[2025-12-21T13:57:07.856647+00:00] app_logs.ERROR: agent1@bng.com - login inválido [] []
[2025-12-21T14:00:33.687260+00:00] app_logs.ERROR: agent1@bng.com - login inválido [] []
[2025-12-21T14:14:51.993335+00:00] app_logs.ERROR: agent1@bng.com - login inválido [] []
[2025-12-21T14:15:25.458326+00:00] app_logs.ERROR: agente1@bng.com - login inválido [] []
[2025-12-21T14:15:32.822897+00:00] app_logs.ERROR: agent1@bng.com - login inválido [] []
[2025-12-21T14:18:20.743120+00:00] app_logs.ERROR: agent1@bng.com - login inválido [] []
[2025-12-21T14:33:29.818451+00:00] app_logs.ERROR: agent1@bng.com - login inválido [] []
[2025-12-21T14:33:45.759079+00:00] app_logs.ERROR: agent1@bng.com - login inválido [] []
[2025-12-21T14:34:18.164434+00:00] app_logs.ERROR: agent1@bng.com - login inválido [] []
[2025-12-21T14:37:59.610222+00:00] app_logs.INFO: agent1@bng.com - login com sucesso [] []
[2025-12-21T14:39:43.321304+00:00] app_logs.INFO: agent1@bng.com - atualizou dados do cliente ID: 4 [] []
[2025-12-21T14:39:45.513209+00:00] app_logs.INFO: agent1@bng.com - fez logout [] []
[2025-12-21T14:40:06.996480+00:00] app_logs.INFO: agent2@bng.com - login com sucesso [] []
[2025-12-21T14:40:20.218383+00:00] app_logs.INFO: agent2@bng.com - fez logout [] []
[2025-12-21T14:40:31.003885+00:00] app_logs.INFO: admin@bng.com - login com sucesso [] []
[2025-12-21T14:41:50.847826+00:00] app_logs.INFO: admin@bng.com - login com sucesso [] []
[2025-12-21T14:58:50.650230+00:00] app_logs.INFO: agent1@bng.com - login com sucesso [] []
[2025-12-21T14:59:18.120007+00:00] app_logs.INFO: agent1@bng.com - fez logout [] []
[2025-12-21T14:59:22.375396+00:00] app_logs.INFO: admin@bng.com - login com sucesso [] []
[2025-12-21T15:03:09.668763+00:00] app_logs.INFO: admin@bng.com - login com sucesso [] []
[2025-12-21T15:23:37.415212+00:00] app_logs.INFO: agent1@bng.com - login com sucesso [] []
[2025-12-21T15:25:07.143843+00:00] app_logs.INFO: agent1@bng.com - fez logout [] []
[2025-12-21T15:25:11.028016+00:00] app_logs.INFO: admin@bng.com - login com sucesso [] []
[2025-12-21T16:54:19.464336+00:00] app_logs.INFO: admin@bng.com - login com sucesso [] []
[2025-12-22T13:30:18.157647+00:00] app_logs.INFO: admin@bng.com - login com sucesso [] []
[2025-12-22T15:50:06.573792+00:00] app_logs.INFO: admin@bng.com - visualizou o PDF com o report estatístico. [] []
[2025-12-22T15:50:37.010641+00:00] app_logs.INFO: admin@bng.com - visualizou o PDF com o report estatístico. [] []
[2025-12-22T15:52:08.460477+00:00] app_logs.INFO: admin@bng.com - visualizou o PDF com o report estatístico. [] []
[2025-12-22T15:55:30.425331+00:00] app_logs.INFO: admin@bng.com - visualizou o PDF com o report estatístico. [] []
[2025-12-23T21:30:08.606705+00:00] app_logs.INFO: admin@bng.com - login com sucesso [] []
[2025-12-23T21:30:13.003899+00:00] app_logs.INFO: admin@bng.com - visualizou o PDF com o report estatístico. [] []
[2025-12-23T21:30:46.718178+00:00] app_logs.INFO: admin@bng.com - fez logout [] []
[2025-12-23T21:30:52.804427+00:00] app_logs.INFO: agent1@bng.com - login com sucesso [] []
[2025-12-26T13:11:53.685684+00:00] app_logs.INFO: admin@bng.com - login com sucesso [] []
[2025-12-26T13:12:07.764483+00:00] app_logs.INFO: admin@bng.com - fez logout [] []
[2025-12-26T13:12:13.655041+00:00] app_logs.INFO: agent1@bng.com - login com sucesso [] []
[2025-12-26T13:12:17.638853+00:00] app_logs.INFO: agent1@bng.com - fez logout [] []
[2025-12-26T13:12:22.957485+00:00] app_logs.INFO: admin@bng.com - login com sucesso [] []
[2025-12-26T13:12:46.190147+00:00] app_logs.INFO: admin@bng.com - visualizou o PDF com o report estatístico. [] []
[2025-12-26T14:11:32.499932+00:00] app_logs.INFO: admin@bng.com - fez logout [] []
[2025-12-26T14:11:44.300273+00:00] app_logs.INFO: agent1@bng.com - login com sucesso [] []
[2025-12-26T14:12:40.565051+00:00] app_logs.INFO: agent1@bng.com - fez download da lista de clientes para o ficheiro: output_1766758357.xlsx | total: 4 registos. [] []
[2025-12-26T14:12:44.323660+00:00] app_logs.INFO: agent1@bng.com - fez logout [] []
[2025-12-26T14:12:51.303565+00:00] app_logs.INFO: agent2@bng.com - login com sucesso [] []
[2025-12-26T14:13:17.039522+00:00] app_logs.INFO: agent2@bng.com - fez logout [] []
[2025-12-26T14:13:20.908230+00:00] app_logs.INFO: admin@bng.com - login com sucesso [] []
[2025-12-27T13:27:54.604821+00:00] app_logs.INFO: admin@bng.com - login com sucesso [] []
[2025-12-27T14:45:23.640375+00:00] app_logs.INFO: admin@bng.com - login com sucesso [] []
[2025-12-27T15:04:39.714136+00:00] app_logs.INFO: admin@bng.com - fez logout [] []
[2025-12-27T15:04:48.907372+00:00] app_logs.INFO: admin@bng.com - login com sucesso [] []
[2025-12-27T15:11:52.496555+00:00] app_logs.ERROR: Falha ao enviar e-mail de boas-vindas para joaomarcelosuzartcastro@gmail.com: SMTP Error: Could not authenticate. [] []
[2025-12-27T15:11:52.499138+00:00] app_logs.INFO: admin@bng.com criou novo agente: joaomarcelosuzartcastro@gmail.com (perfil: agent) [] []
[2025-12-27T15:19:41.472327+00:00] app_logs.INFO: admin@bng.com - gerou relatório estatístico em PDF. [] []
[2025-12-27T15:19:46.569277+00:00] app_logs.ERROR: Erro ao enviar relatório por e-mail: SMTP Error: Could not authenticate. [] []
[2025-12-27T15:19:57.053002+00:00] app_logs.INFO: admin@bng.com - gerou relatório estatístico em PDF. [] []
[2025-12-27T15:19:59.384442+00:00] app_logs.ERROR: Erro ao enviar relatório por e-mail: SMTP Error: Could not authenticate. [] []
[2025-12-27T15:52:11.495124+00:00] app_logs.ERROR: Erro ao enviar relatório por e-mail: SMTP Error: Could not authenticate. [] []
[2025-12-27T15:52:27.485532+00:00] app_logs.ERROR: Erro ao enviar relatório por e-mail: SMTP Error: Could not authenticate. [] []
[2025-12-27T15:53:56.537643+00:00] app_logs.ERROR: Erro ao enviar relatório por e-mail: SMTP Error: Could not authenticate. [] []
[2025-12-27T15:54:01.309582+00:00] app_logs.ERROR: Erro ao enviar relatório por e-mail: SMTP Error: Could not authenticate. [] []
[2025-12-27T15:55:05.177765+00:00] app_logs.ERROR: Erro ao enviar relatório por e-mail: SMTP Error: Could not authenticate. [] []
[2025-12-27T15:55:09.895213+00:00] app_logs.INFO: admin@bng.com - fez logout [] []
[2025-12-27T15:55:28.256338+00:00] app_logs.INFO: admin@bng.com - login com sucesso [] []
[2025-12-27T15:55:35.591196+00:00] app_logs.ERROR: Erro ao enviar relatório por e-mail: SMTP Error: Could not authenticate. [] []
[2025-12-27T18:25:44.473892+00:00] app_logs.ERROR: Erro ao enviar relatório por e-mail: SMTP Error: Could not authenticate. [] []
[2025-12-27T18:32:19.567660+00:00] app_logs.ERROR: Erro ao enviar relatório por e-mail: SMTP Error: Could not authenticate. [] []
[2025-12-27T18:32:25.404165+00:00] app_logs.ERROR: Erro ao enviar relatório por e-mail: SMTP Error: Could not authenticate. [] []
[2025-12-27T18:32:48.831775+00:00] app_logs.INFO: admin@bng.com - gerou relatório estatístico em PDF. [] []
[2025-12-27T18:32:53.622112+00:00] app_logs.ERROR: Erro ao enviar relatório por e-mail: SMTP Error: Could not authenticate. [] []
[2025-12-27T18:33:22.164222+00:00] app_logs.ERROR: Erro ao enviar relatório por e-mail: SMTP Error: Could not authenticate. [] []
[2025-12-27T18:33:26.177304+00:00] app_logs.ERROR: Erro ao enviar relatório por e-mail: SMTP Error: Could not authenticate. [] []
[2025-12-27T18:33:31.075925+00:00] app_logs.ERROR: Erro ao enviar relatório por e-mail: SMTP Error: Could not authenticate. [] []
[2025-12-27T18:33:34.966409+00:00] app_logs.INFO: admin@bng.com - fez logout [] []
[2025-12-27T18:34:01.424249+00:00] app_logs.INFO: admin@bng.com - login com sucesso [] []
[2025-12-27T18:34:10.255168+00:00] app_logs.ERROR: Erro ao enviar relatório por e-mail: SMTP Error: Could not authenticate. [] []
[2025-12-27T18:37:42.725556+00:00] app_logs.ERROR: Erro ao enviar relatório por e-mail: SMTP Error: Could not authenticate. [] []
[2025-12-27T18:39:31.579808+00:00] app_logs.ERROR: Erro ao enviar relatório por e-mail: SMTP Error: Could not authenticate. [] []
[2025-12-27T18:39:35.229768+00:00] app_logs.ERROR: Erro ao enviar relatório por e-mail: SMTP Error: Could not authenticate. [] []
[2025-12-27T18:39:39.712671+00:00] app_logs.ERROR: Erro ao enviar relatório por e-mail: SMTP Error: Could not authenticate. [] []
[2025-12-27T18:48:24.610352+00:00] app_logs.ERROR: Erro ao enviar relatório por e-mail: SMTP Error: Could not authenticate. [] []
[2025-12-27T18:48:30.672638+00:00] app_logs.ERROR: Erro ao enviar relatório por e-mail: SMTP Error: Could not authenticate. [] []
[2025-12-27T18:50:34.190055+00:00] app_logs.ERROR: Erro ao enviar relatório por e-mail: SMTP Error: Could not authenticate. [] []
[2025-12-27T18:59:32.984200+00:00] app_logs.ERROR: Erro ao enviar relatório por e-mail: SMTP Error: Could not authenticate. [] []
[2025-12-27T18:59:47.132284+00:00] app_logs.ERROR: Erro ao enviar relatório por e-mail: SMTP Error: Could not authenticate. [] []
[2025-12-27T19:02:12.742884+00:00] app_logs.ERROR: Erro ao enviar relatório por e-mail: SMTP Error: Could not authenticate. [] []
[2025-12-27T19:03:20.108821+00:00] app_logs.ERROR: Erro ao enviar relatório por e-mail: SMTP Error: Could not authenticate. [] []
[2025-12-27T19:03:42.805872+00:00] app_logs.ERROR: Erro ao enviar relatório por e-mail: SMTP Error: Could not authenticate. [] []
[2025-12-27T19:12:01.035552+00:00] app_logs.ERROR: Erro ao enviar relatório por e-mail: SMTP Error: Could not authenticate. [] []
[2025-12-27T19:12:04.841474+00:00] app_logs.ERROR: Erro ao enviar relatório por e-mail: SMTP Error: Could not authenticate. [] []
[2025-12-27T19:12:07.687399+00:00] app_logs.INFO: admin@bng.com - gerou relatório estatístico em PDF. [] []
[2025-12-27T19:12:11.538567+00:00] app_logs.ERROR: Erro ao enviar relatório por e-mail: SMTP Error: Could not authenticate. [] []
[2025-12-27T19:15:25.191739+00:00] app_logs.INFO: admin@bng.com - enviou relatório PDF por e-mail com sucesso. [] []
[2025-12-27T19:15:32.799229+00:00] app_logs.INFO: admin@bng.com - enviou relatório PDF por e-mail com sucesso. [] []
[2025-12-27T19:15:45.314972+00:00] app_logs.INFO: admin@bng.com - enviou relatório PDF por e-mail com sucesso. [] []
[2025-12-27T19:20:29.898643+00:00] app_logs.INFO: admin@bng.com - enviou relatório PDF por e-mail com sucesso. [] []
[2025-12-27T19:21:32.912137+00:00] app_logs.INFO: admin@bng.com - enviou relatório PDF por e-mail com sucesso. [] []
[2025-12-27T19:25:21.317553+00:00] app_logs.INFO: admin@bng.com - enviou relatório PDF por e-mail com sucesso. [] []
[2025-12-27T19:27:29.526108+00:00] app_logs.INFO: admin@bng.com - fez logout [] []
[2025-12-27T19:27:46.486161+00:00] app_logs.INFO: agent1@bng.com - login com sucesso [] []
[2025-12-27T19:27:53.410735+00:00] app_logs.INFO: agent1@bng.com - fez logout [] []
[2025-12-27T19:27:57.280686+00:00] app_logs.INFO: admin@bng.com - login com sucesso [] []
[2025-12-27T19:29:50.158162+00:00] app_logs.INFO: admin@bng.com - fez logout [] []
[2025-12-27T19:34:15.222295+00:00] app_logs.INFO: agent1@bng.com - login com sucesso [] []
[2025-12-27T19:34:17.960442+00:00] app_logs.INFO: agent1@bng.com - fez logout [] []
[2025-12-27T19:34:21.402211+00:00] app_logs.INFO: admin@bng.com - login com sucesso [] []
[2025-12-27T19:34:51.021728+00:00] app_logs.INFO: admin@bng.com - fez logout [] []
[2025-12-27T19:43:39.700327+00:00] app_logs.INFO: admin@bng.com - login com sucesso [] []
[2025-12-27T19:53:58.644312+00:00] app_logs.INFO: admin@bng.com - fez logout [] []
[2025-12-27T19:54:12.286421+00:00] app_logs.ERROR: joaomarcelosuzartcastro@gmail.com - login inválido [] []
[2025-12-27T19:54:19.054821+00:00] app_logs.INFO: agent1@bng.com - login com sucesso [] []
[2025-12-27T19:54:20.757016+00:00] app_logs.INFO: agent1@bng.com - fez logout [] []
[2025-12-27T19:54:24.295919+00:00] app_logs.INFO: admin@bng.com - login com sucesso [] []
[2025-12-27T19:55:26.088087+00:00] app_logs.INFO: E-mail de boas-vindas enviado para novo agente: joaomarcelosuzartcastro@gmail.com [] []
[2025-12-27T19:55:26.089216+00:00] app_logs.INFO: admin@bng.com criou novo agente: joaomarcelosuzartcastro@gmail.com (perfil: agent) [] []
[2025-12-27T19:55:31.819178+00:00] app_logs.INFO: admin@bng.com eliminou o agente ID 4 [] []
[2025-12-27T19:55:38.690430+00:00] app_logs.INFO: admin@bng.com - fez logout [] []
[2025-12-27T19:56:08.927570+00:00] app_logs.INFO: joaomarcelosuzartcastro@gmail.com - login com sucesso [] []
[2025-12-27T19:59:01.047064+00:00] app_logs.INFO: joaomarcelosuzartcastro@gmail.com - fez logout [] []
[2025-12-27T19:59:12.163063+00:00] app_logs.INFO: agent1@bng.com - login com sucesso [] []
[2025-12-27T19:59:13.845433+00:00] app_logs.INFO: agent1@bng.com - fez logout [] []
[2025-12-27T19:59:17.193689+00:00] app_logs.INFO: admin@bng.com - login com sucesso [] []
[2025-12-27T20:00:14.392381+00:00] app_logs.INFO: admin@bng.com - fez logout [] []
[2025-12-27T20:00:22.919162+00:00] app_logs.INFO: joaomarcelosuzartcastro@gmail.com - login com sucesso [] []
[2025-12-27T20:01:08.334207+00:00] app_logs.INFO: joaomarcelosuzartcastro@gmail.com - fez logout [] []
[2025-12-27T20:01:20.302302+00:00] app_logs.INFO: joaomarcelosuzartcastro@gmail.com - login com sucesso [] []
[2025-12-27T20:04:01.758219+00:00] app_logs.INFO: joaomarcelosuzartcastro@gmail.com - enviou relatório PDF por e-mail com sucesso. [] []
[2025-12-27T20:05:54.909705+00:00] app_logs.INFO: joaomarcelosuzartcastro@gmail.com - fez logout [] []
[2025-12-27T20:06:27.768893+00:00] app_logs.INFO: agent1@bng.com - login com sucesso [] []
[2025-12-27T20:06:46.550430+00:00] app_logs.INFO: agent1@bng.com - fez logout [] []
[2025-12-27T20:06:51.133415+00:00] app_logs.INFO: admin@bng.com - login com sucesso [] []
[2025-12-27T20:06:57.583407+00:00] app_logs.INFO: admin@bng.com - fez logout [] []
[2025-12-27T20:07:02.589985+00:00] app_logs.INFO: joaomarcelosuzartcastro@gmail.com - login com sucesso [] []
[2025-12-27T20:23:39.785025+00:00] app_logs.INFO: joaomarcelosuzartcastro@gmail.com - fez logout [] []
[2025-12-27T20:43:35.960669+00:00] app_logs.INFO: admin@bng.com - login com sucesso [] []
[2025-12-27T21:32:47.397622+00:00] app_logs.INFO: admin@bng.com - fez logout [] []
[2025-12-27T21:32:58.558491+00:00] app_logs.INFO: admin@bng.com - login com sucesso [] []
[2025-12-27T21:33:10.566121+00:00] app_logs.INFO: admin@bng.com - fez logout [] []
[2025-12-27T22:00:49.532837+00:00] app_logs.INFO: joaomarcelosuzartcastro@gmail.com - login com sucesso [] []
[2025-12-27T22:01:21.393692+00:00] app_logs.INFO: joaomarcelosuzartcastro@gmail.com - fez logout [] []
[2025-12-27T22:37:28.029469+00:00] app_logs.INFO: agent1@bng.com - login com sucesso [] []
[2025-12-27T22:38:18.215830+00:00] app_logs.INFO: agent1@bng.com - fez logout [] []
[2025-12-27T23:36:16.011178+00:00] app_logs.INFO: admin@bng.com - login com sucesso [] []
[2025-12-27T23:36:18.047915+00:00] app_logs.INFO: admin@bng.com - fez logout [] []
[2025-12-27T23:46:36.688819+00:00] app_logs.ERROR: agent1@bng.com - login inválido [] []
[2025-12-27T23:46:49.603015+00:00] app_logs.INFO: agent1@bng.com - login com sucesso [] []
[2025-12-27T23:47:39.063462+00:00] app_logs.INFO: agent1@bng.com - fez logout [] []
[2025-12-27T23:47:47.204115+00:00] app_logs.INFO: admin@bng.com - login com sucesso [] []
[2025-12-27T23:48:17.843743+00:00] app_logs.INFO: E-mail de notificação enviado para: joaomarcelosuzartcastro@gmail.com [] []
[2025-12-27T23:48:22.409341+00:00] app_logs.INFO: admin@bng.com - fez logout [] []
[2025-12-27T23:48:31.265794+00:00] app_logs.INFO: joaomarcelosuzartcastro@gmail.com - login com sucesso [] []
[2025-12-27T23:49:26.353877+00:00] app_logs.INFO: joaomarcelosuzartcastro@gmail.com - fez logout [] []
[2025-12-27T23:53:23.037444+00:00] app_logs.ERROR: joao.marcelo.suzartcastro@gmail.com - login inválido [] []
[2025-12-27T23:54:25.416222+00:00] app_logs.INFO: admin@bng.com - login com sucesso [] []
[2025-12-27T23:54:52.238248+00:00] app_logs.INFO: E-mail de notificação enviado para: joaomarcelosuzartcastro@gmail.com [] []
[2025-12-27T23:54:59.110977+00:00] app_logs.INFO: admin@bng.com - fez logout [] []
[2025-12-27T23:55:25.649192+00:00] app_logs.INFO: admin@bng.com - login com sucesso [] []
[2025-12-27T23:56:03.281935+00:00] app_logs.INFO: E-mail de notificação enviado para: joaomarcelosuzartcastro@gmail.com [] []
[2025-12-27T23:56:15.631033+00:00] app_logs.INFO: admin@bng.com - fez logout [] []
[2025-12-28T00:02:21.577479+00:00] app_logs.ERROR: joaomarcelosuzartcastro@gmail.com - login inválido [] []
[2025-12-28T00:04:16.893764+00:00] app_logs.INFO: admin@bng.com - login com sucesso [] []
[2025-12-28T00:11:25.088309+00:00] app_logs.INFO: E-mail de notificação enviado para: joaomarcelosuzartcastro@gmail.com [] []
[2025-12-28T00:11:39.064859+00:00] app_logs.INFO: admin@bng.com - fez logout [] []
[2025-12-28T00:11:49.504881+00:00] app_logs.INFO: joaomarcelosuzartcastro@gmail.com - login com sucesso [] []
[2025-12-28T00:14:13.206754+00:00] app_logs.INFO: joaomarcelosuzartcastro@gmail.com - password alterada com sucesso no perfil. [] []
[2025-12-28T00:14:18.352055+00:00] app_logs.INFO: joaomarcelosuzartcastro@gmail.com - fez logout [] []
[2025-12-28T00:14:27.969345+00:00] app_logs.INFO: joaomarcelosuzartcastro@gmail.com - login com sucesso [] []
[2025-12-28T00:14:30.189799+00:00] app_logs.INFO: joaomarcelosuzartcastro@gmail.com - fez logout [] []
[2025-12-28T00:16:13.949030+00:00] app_logs.INFO: joaomarcelosuzartcastro@gmail.com - login com sucesso [] []
[2025-12-28T13:04:03.894356+00:00] app_logs.INFO: admin@bng.com - login com sucesso [] []
[2025-12-28T13:04:14.753245+00:00] app_logs.INFO: admin@bng.com - fez logout [] []
[2025-12-28T13:04:29.000980+00:00] app_logs.INFO: joaomarcelosuzartcastro@gmail.com - login com sucesso [] []
[2025-12-28T13:18:50.171776+00:00] app_logs.INFO: joaomarcelosuzartcastro@gmail.com - gerou relatório estatístico em PDF. [] []
[2025-12-28T13:20:14.337230+00:00] app_logs.INFO: joaomarcelosuzartcastro@gmail.com - enviou relatório PDF por e-mail com sucesso. [] []
[2025-12-28T16:02:44.475551+00:00] app_logs.INFO: joaomarcelosuzartcastro@gmail.com - gerou relatório estatístico em PDF. [] []
[2025-12-28T16:03:14.353000+00:00] app_logs.INFO: joaomarcelosuzartcastro@gmail.com - fez logout [] []
[2025-12-28T16:04:00.010356+00:00] app_logs.INFO: admin@bng.com - login com sucesso [] []
[2025-12-28T16:04:13.958275+00:00] app_logs.INFO: admin@bng.com - fez logout [] []
[2025-12-28T16:04:41.848778+00:00] app_logs.INFO: joaomarcelosuzartcastro@gmail.com - login com sucesso [] []
[2025-12-28T16:06:55.364160+00:00] app_logs.INFO: E-mail de notificação enviado para: joaomarcelosuzartcastro@gmail.com [] []
[2025-12-28T16:13:41.990463+00:00] app_logs.INFO: E-mail de notificação enviado para: joaomarcelosuzartcastro@gmail.com [] []
[2025-12-28T16:13:53.104338+00:00] app_logs.INFO: joaomarcelosuzartcastro@gmail.com - fez logout [] []
[2025-12-28T16:14:00.890096+00:00] app_logs.INFO: agent1@bng.com - login com sucesso [] []
[2025-12-28T16:16:13.648693+00:00] app_logs.INFO: agent1@bng.com - adicionou novo cliente: maria@gmail.com [] []
[2025-12-28T16:16:36.359518+00:00] app_logs.INFO: agent1@bng.com - atualizou dados do cliente ID: 11 [] []
[2025-12-28T16:20:01.528844+00:00] app_logs.INFO: agent1@bng.com - adicionou novo cliente: biosuzart@gmail.com [] []
[2025-12-28T16:21:01.276428+00:00] app_logs.INFO: agent1@bng.com - adicionou novo cliente: felipe@gmail.com [] []
[2025-12-28T16:25:19.254055+00:00] app_logs.INFO: agent1@bng.com - fez logout [] []
[2025-12-28T16:25:28.829407+00:00] app_logs.INFO: joaomarcelosuzartcastro@gmail.com - login com sucesso [] []
[2025-12-28T16:36:03.938141+00:00] app_logs.INFO: joaomarcelosuzartcastro@gmail.com - fez logout [] []
[2025-12-28T16:36:16.139957+00:00] app_logs.INFO: agent1@bng.com - login com sucesso [] []
[2025-12-28T16:38:04.779634+00:00] app_logs.INFO: agent1@bng.com - fez download da lista de clientes para o ficheiro: output_1766939881.xlsx | total: 7 registos. [] []
[2025-12-28T16:57:19.130731+00:00] app_logs.INFO: agent1@bng.com eliminou (soft delete) o cliente ID: 6 [] []
[2025-12-28T16:57:25.252753+00:00] app_logs.INFO: agent1@bng.com editou o cliente ID: 12 [] []
[2025-12-28T16:57:36.243647+00:00] app_logs.INFO: agent1@bng.com - fez logout [] []
[2025-12-28T16:57:47.483271+00:00] app_logs.INFO: agent1@bng.com - login com sucesso [] []
[2025-12-28T16:58:03.029375+00:00] app_logs.INFO: agent1@bng.com - fez logout [] []
[2025-12-28T16:58:07.115556+00:00] app_logs.INFO: admin@bng.com - login com sucesso [] []
[2025-12-28T18:12:29.267213+00:00] app_logs.INFO: admin@bng.com - fez logout [] []
[2025-12-28T18:12:37.599842+00:00] app_logs.INFO: agent1@bng.com - login com sucesso [] []
[2025-12-28T18:13:59.971491+00:00] app_logs.INFO: agent1@bng.com - fez logout [] []
[2025-12-28T18:14:11.793064+00:00] app_logs.INFO: admin@bng.com - login com sucesso [] []
[2025-12-28T18:17:16.862107+00:00] app_logs.INFO: admin@bng.com - fez logout [] []
[2025-12-28T18:17:24.997732+00:00] app_logs.INFO: agent1@bng.com - login com sucesso [] []
[2025-12-28T18:17:33.884237+00:00] app_logs.INFO: agent1@bng.com - download xlsx: output_1766945853.xlsx [] []
[2025-12-28T18:25:35.210067+00:00] app_logs.INFO: agent1@bng.com - download xlsx: output_1766946335.xlsx [] []
[2025-12-28T18:26:50.720892+00:00] app_logs.INFO: agent1@bng.com - fez logout [] []
[2025-12-28T18:26:59.962675+00:00] app_logs.INFO: admin@bng.com - login com sucesso [] []
[2025-12-28T18:32:00.101586+00:00] app_logs.INFO: E-mail de boas-vindas enviado para novo agente: agent3@bng.com [] []
[2025-12-28T18:32:00.104028+00:00] app_logs.INFO: admin@bng.com criou novo agente: agent3@bng.com (perfil: agent) [] []
[2025-12-28T18:47:01.318953+00:00] app_logs.INFO: admin@bng.com eliminou o agente ID 7 [] []
[2025-12-28T18:47:16.683516+00:00] app_logs.INFO: admin@bng.com recuperou o agente ID: 7 [] []
[2025-12-28T18:48:25.934273+00:00] app_logs.INFO: admin@bng.com eliminou o agente ID 7 [] []
[2025-12-28T18:48:31.001182+00:00] app_logs.INFO: admin@bng.com recuperou o agente ID: 7 [] []
[2025-12-28T18:48:42.921772+00:00] app_logs.INFO: admin@bng.com - fez logout [] []
[2025-12-28T18:48:57.976505+00:00] app_logs.ERROR: agent3@bng.com - login inválido [] []
[2025-12-28T18:49:11.642154+00:00] app_logs.ERROR: agent3@bng.com - login inválido [] []
[2025-12-28T18:49:25.466622+00:00] app_logs.INFO: admin@bng.com - login com sucesso [] []
[2025-12-28T18:49:44.226638+00:00] app_logs.INFO: E-mail de notificação enviado para: agent3@bng.com [] []
[2025-12-28T18:49:52.745097+00:00] app_logs.INFO: admin@bng.com - fez logout [] []
[2025-12-28T18:50:05.265141+00:00] app_logs.INFO: agent3@bng.com - login com sucesso [] []
[2025-12-28T18:51:07.463394+00:00] app_logs.INFO: E-mail de notificação enviado para: agent3@bng.com [] []
[2025-12-28T18:52:25.278473+00:00] app_logs.INFO: E-mail de notificação enviado para: agent3@bng.com [] []
[2025-12-28T18:53:31.537040+00:00] app_logs.INFO: E-mail de notificação enviado para: agent3@bng.com [] []
[2025-12-28T18:56:55.345316+00:00] app_logs.INFO: agent3@bng.com eliminou o agente ID 7 [] []
[2025-12-28T18:56:59.873813+00:00] app_logs.INFO: agent3@bng.com recuperou o agente ID: 7 [] []
[2025-12-28T18:57:02.646174+00:00] app_logs.INFO: agent3@bng.com - fez logout [] []
[2025-12-28T18:57:38.533454+00:00] app_logs.INFO: agent1@bng.com - login com sucesso [] []
[2025-12-28T18:57:58.435217+00:00] app_logs.INFO: agent1@bng.com - fez logout [] []
[2025-12-28T18:58:08.277960+00:00] app_logs.INFO: admin@bng.com - login com sucesso [] []
[2025-12-28T18:58:39.337588+00:00] app_logs.INFO: admin@bng.com - fez logout [] []
[2025-12-28T18:58:44.619672+00:00] app_logs.INFO: agent1@bng.com - login com sucesso [] []
[2025-12-28T18:58:55.003726+00:00] app_logs.INFO: agent1@bng.com - fez logout [] []
[2025-12-28T18:58:58.669006+00:00] app_logs.INFO: admin@bng.com - login com sucesso [] []
[2025-12-28T18:59:09.720933+00:00] app_logs.INFO: admin@bng.com - fez logout [] []
[2025-12-28T18:59:21.655314+00:00] app_logs.INFO: agent1@bng.com - login com sucesso [] []
[2025-12-28T18:59:44.416400+00:00] app_logs.INFO: agent1@bng.com - fez logout [] []
[2025-12-28T18:59:48.923902+00:00] app_logs.INFO: admin@bng.com - login com sucesso [] []
[2025-12-28T19:02:40.221140+00:00] app_logs.INFO: admin@bng.com - fez logout [] []
[2025-12-28T19:02:50.160625+00:00] app_logs.INFO: agent1@bng.com - login com sucesso [] []
[2025-12-28T19:02:57.612499+00:00] app_logs.INFO: agent1@bng.com - fez logout [] []
[2025-12-28T19:03:01.351375+00:00] app_logs.INFO: admin@bng.com - login com sucesso [] []
[2025-12-28T19:04:23.523171+00:00] app_logs.INFO: E-mail de boas-vindas enviado para novo agente: joaoribeiro@gmail.com [] []
[2025-12-28T19:04:23.524041+00:00] app_logs.INFO: admin@bng.com criou novo agente: joaoribeiro@gmail.com (perfil: agent) [] []
[2025-12-28T19:04:37.688207+00:00] app_logs.INFO: admin@bng.com - fez logout [] []
[2025-12-28T19:05:02.766914+00:00] app_logs.ERROR: joaoribeiro@gmail.com - login inválido [] []
[2025-12-28T19:05:23.826459+00:00] app_logs.INFO: admin@bng.com - login com sucesso [] []
[2025-12-28T19:05:52.020445+00:00] app_logs.INFO: E-mail de notificação enviado para: joaoribeiro@gmail.com [] []
[2025-12-28T19:06:00.356608+00:00] app_logs.INFO: E-mail de notificação enviado para: joaoribeiro@gmail.com [] []
[2025-12-28T19:06:15.802503+00:00] app_logs.INFO: E-mail de notificação enviado para: joaoribeiro@gmail.com [] []
[2025-12-28T19:06:21.671177+00:00] app_logs.INFO: admin@bng.com - fez logout [] []
[2025-12-28T19:06:33.079288+00:00] app_logs.INFO: joaoribeiro@gmail.com - login com sucesso [] []
[2025-12-28T19:06:47.117520+00:00] app_logs.INFO: joaoribeiro@gmail.com - fez logout [] []
[2025-12-28T19:06:56.148628+00:00] app_logs.INFO: admin@bng.com - login com sucesso [] []
[2025-12-28T19:07:09.094500+00:00] app_logs.INFO: admin@bng.com - fez logout [] []
[2025-12-28T19:07:18.206619+00:00] app_logs.ERROR: agent3@bng.com - login inválido [] []
[2025-12-28T19:07:29.077776+00:00] app_logs.INFO: agent3@bng.com - login com sucesso [] []
[2025-12-28T19:08:22.137597+00:00] app_logs.INFO: agent3@bng.com - adicionou novo cliente: euliana@gmail.com [] []
[2025-12-28T19:08:26.012397+00:00] app_logs.INFO: agent3@bng.com - download xlsx: output_1766948905.xlsx [] []
[2025-12-28T19:11:03.423289+00:00] app_logs.INFO: agent3@bng.com - adicionou novo cliente: lorenasilva@gmail.com [] []
[2025-12-28T19:12:13.666217+00:00] app_logs.INFO: agent3@bng.com - adicionou novo cliente: luana.oliveira@gmail.com [] []
[2025-12-28T19:12:27.160363+00:00] app_logs.INFO: agent3@bng.com editou o cliente ID: 14 [] []
[2025-12-28T19:12:39.887812+00:00] app_logs.INFO: agent3@bng.com editou o cliente ID: 16 [] []
[2025-12-28T19:12:46.435792+00:00] app_logs.INFO: agent3@bng.com - fez logout [] []
[2025-12-28T19:13:02.497315+00:00] app_logs.INFO: joaoribeiro@gmail.com - login com sucesso [] []
[2025-12-28T19:13:50.094797+00:00] app_logs.INFO: joaoribeiro@gmail.com - adicionou novo cliente: joaoribeiro@gmail.com [] []
[2025-12-28T19:14:40.807199+00:00] app_logs.INFO: joaoribeiro@gmail.com - adicionou novo cliente: melina@gmail.com [] []
[2025-12-28T19:16:05.418114+00:00] app_logs.INFO: joaoribeiro@gmail.com - report upload: {"total":4,"total_carregados":4,"total_nao_carregados":0} [] []
[2025-12-28T19:16:11.859379+00:00] app_logs.INFO: joaoribeiro@gmail.com - report upload: {"total":4,"total_carregados":4,"total_nao_carregados":0} [] []
[2025-12-28T19:16:17.378238+00:00] app_logs.INFO: joaoribeiro@gmail.com - report upload: {"total":4,"total_carregados":0,"total_nao_carregados":4} [] []
[2025-12-28T19:16:32.310933+00:00] app_logs.INFO: joaoribeiro@gmail.com - report upload: {"total":4,"total_carregados":4,"total_nao_carregados":0} [] []
[2025-12-28T19:16:37.284967+00:00] app_logs.INFO: joaoribeiro@gmail.com - report upload: {"total":4,"total_carregados":0,"total_nao_carregados":4} [] []
[2025-12-28T19:16:48.368762+00:00] app_logs.INFO: joaoribeiro@gmail.com eliminou (soft delete) o cliente ID: 19 [] []
[2025-12-28T19:16:51.748204+00:00] app_logs.INFO: joaoribeiro@gmail.com eliminou (soft delete) o cliente ID: 20 [] []
[2025-12-28T19:16:53.468631+00:00] app_logs.INFO: joaoribeiro@gmail.com eliminou (soft delete) o cliente ID: 21 [] []
[2025-12-28T19:16:55.397288+00:00] app_logs.INFO: joaoribeiro@gmail.com eliminou (soft delete) o cliente ID: 22 [] []
[2025-12-28T19:16:57.240210+00:00] app_logs.INFO: joaoribeiro@gmail.com eliminou (soft delete) o cliente ID: 27 [] []
[2025-12-28T19:17:10.167199+00:00] app_logs.INFO: joaoribeiro@gmail.com eliminou (soft delete) o cliente ID: 28 [] []
[2025-12-28T19:17:11.261508+00:00] app_logs.INFO: joaoribeiro@gmail.com recuperou o cliente ID: 19 [] []
[2025-12-28T19:17:12.629481+00:00] app_logs.INFO: joaoribeiro@gmail.com eliminou (soft delete) o cliente ID: 19 [] []
[2025-12-28T19:17:13.350635+00:00] app_logs.INFO: joaoribeiro@gmail.com recuperou o cliente ID: 19 [] []
[2025-12-28T19:17:14.139396+00:00] app_logs.INFO: joaoribeiro@gmail.com recuperou o cliente ID: 20 [] []
[2025-12-28T19:17:14.878269+00:00] app_logs.INFO: joaoribeiro@gmail.com recuperou o cliente ID: 21 [] []
[2025-12-28T19:17:15.502298+00:00] app_logs.INFO: joaoribeiro@gmail.com recuperou o cliente ID: 22 [] []
[2025-12-28T19:17:16.244257+00:00] app_logs.INFO: joaoribeiro@gmail.com recuperou o cliente ID: 27 [] []
[2025-12-28T19:17:17.463777+00:00] app_logs.INFO: joaoribeiro@gmail.com recuperou o cliente ID: 28 [] []
[2025-12-28T19:17:34.964927+00:00] app_logs.INFO: joaoribeiro@gmail.com - fez logout [] []
[2025-12-28T19:17:44.064821+00:00] app_logs.INFO: admin@bng.com - login com sucesso [] []
[2025-12-28T19:17:49.704571+00:00] app_logs.INFO: admin@bng.com eliminou o agente ID 8 [] []
[2025-12-28T19:17:57.697551+00:00] app_logs.INFO: admin@bng.com recuperou o agente ID: 8 [] []
[2025-12-28T19:18:13.838455+00:00] app_logs.INFO: E-mail de notificação enviado para: joao.ribeiro@gmail.com [] []
[2025-12-28T19:18:16.732729+00:00] app_logs.INFO: admin@bng.com - fez logout [] []
[2025-12-28T19:18:36.381551+00:00] app_logs.INFO: joao.ribeiro@gmail.com - login com sucesso [] []
[2025-12-28T19:18:40.549475+00:00] app_logs.INFO: joao.ribeiro@gmail.com eliminou (soft delete) o cliente ID: 26 [] []
[2025-12-28T19:18:43.445545+00:00] app_logs.INFO: joao.ribeiro@gmail.com recuperou o cliente ID: 26 [] []
[2025-12-28T19:18:59.652036+00:00] app_logs.INFO: joao.ribeiro@gmail.com - fez logout [] []
[2025-12-28T19:19:09.039734+00:00] app_logs.INFO: admin@bng.com - login com sucesso [] []
[2025-12-28T19:20:42.483854+00:00] app_logs.INFO: admin@bng.com eliminou o agente ID 8 [] []
[2025-12-28T19:20:47.969832+00:00] app_logs.INFO: admin@bng.com - fez logout [] []
[2025-12-28T19:21:00.422995+00:00] app_logs.ERROR: agent3@bng.com - login inválido [] []
[2025-12-28T19:21:14.394115+00:00] app_logs.INFO: agent3@bng.com - login com sucesso [] []
[2025-12-28T19:21:19.124697+00:00] app_logs.INFO: agent3@bng.com - fez logout [] []
[2025-12-28T19:21:29.574864+00:00] app_logs.INFO: admin@bng.com - login com sucesso [] []
[2025-12-28T19:21:35.293948+00:00] app_logs.INFO: admin@bng.com recuperou o agente ID: 8 [] []
[2025-12-28T19:21:38.953578+00:00] app_logs.INFO: admin@bng.com - fez logout [] []
[2025-12-28T19:21:56.806279+00:00] app_logs.INFO: joao.ribeiro@gmail.com - login com sucesso [] []
[2025-12-28T19:22:54.475915+00:00] app_logs.INFO: joao.ribeiro@gmail.com editou o cliente ID: 19 [] []
[2025-12-28T19:26:25.834014+00:00] app_logs.INFO: joao.ribeiro@gmail.com eliminou (soft delete) o cliente ID: 20 [] []
[2025-12-28T19:26:36.544743+00:00] app_logs.INFO: joao.ribeiro@gmail.com recuperou o cliente ID: 20 [] []
[2025-12-28T19:29:56.888872+00:00] app_logs.INFO: joao.ribeiro@gmail.com eliminou (soft delete) o cliente ID: 20 [] []
[2025-12-28T19:29:57.931154+00:00] app_logs.INFO: joao.ribeiro@gmail.com recuperou o cliente ID: 20 [] []
[2025-12-28T19:29:59.678278+00:00] app_logs.INFO: joao.ribeiro@gmail.com eliminou (soft delete) o cliente ID: 20 [] []
[2025-12-28T19:30:00.396987+00:00] app_logs.INFO: joao.ribeiro@gmail.com eliminou (soft delete) o cliente ID: 21 [] []
[2025-12-28T19:30:01.348866+00:00] app_logs.INFO: joao.ribeiro@gmail.com eliminou (soft delete) o cliente ID: 22 [] []
[2025-12-28T19:30:02.029456+00:00] app_logs.INFO: joao.ribeiro@gmail.com eliminou (soft delete) o cliente ID: 27 [] []
[2025-12-28T19:30:03.003593+00:00] app_logs.INFO: joao.ribeiro@gmail.com eliminou (soft delete) o cliente ID: 28 [] []
[2025-12-28T19:30:04.268619+00:00] app_logs.INFO: joao.ribeiro@gmail.com eliminou (soft delete) o cliente ID: 29 [] []
[2025-12-28T19:30:05.853745+00:00] app_logs.INFO: joao.ribeiro@gmail.com eliminou (soft delete) o cliente ID: 30 [] []
[2025-12-28T19:30:58.347264+00:00] app_logs.INFO: joao.ribeiro@gmail.com recuperou o cliente ID: 20 [] []
[2025-12-28T19:31:00.177327+00:00] app_logs.INFO: joao.ribeiro@gmail.com eliminou (soft delete) o cliente ID: 20 [] []
[2025-12-28T19:35:29.863980+00:00] app_logs.INFO: joao.ribeiro@gmail.com recuperou o cliente ID: 29 [] []
[2025-12-28T19:35:30.980179+00:00] app_logs.INFO: joao.ribeiro@gmail.com recuperou o cliente ID: 20 [] []
[2025-12-28T19:35:33.028553+00:00] app_logs.INFO: joao.ribeiro@gmail.com eliminou (soft delete) o cliente ID: 20 [] []
[2025-12-28T19:35:34.137911+00:00] app_logs.INFO: joao.ribeiro@gmail.com recuperou o cliente ID: 20 [] []
[2025-12-28T19:35:35.153681+00:00] app_logs.INFO: joao.ribeiro@gmail.com eliminou (soft delete) o cliente ID: 20 [] []
[2025-12-28T19:35:36.061950+00:00] app_logs.INFO: joao.ribeiro@gmail.com recuperou o cliente ID: 20 [] []
[2025-12-28T19:35:37.320881+00:00] app_logs.INFO: joao.ribeiro@gmail.com eliminou (soft delete) o cliente ID: 20 [] []
[2025-12-28T19:35:38.003881+00:00] app_logs.INFO: joao.ribeiro@gmail.com recuperou o cliente ID: 20 [] []
[2025-12-28T19:35:39.176243+00:00] app_logs.INFO: joao.ribeiro@gmail.com recuperou o cliente ID: 21 [] []
[2025-12-28T19:35:40.114007+00:00] app_logs.INFO: joao.ribeiro@gmail.com recuperou o cliente ID: 22 [] []
[2025-12-28T19:35:41.081506+00:00] app_logs.INFO: joao.ribeiro@gmail.com recuperou o cliente ID: 27 [] []
[2025-12-28T19:35:42.335158+00:00] app_logs.INFO: joao.ribeiro@gmail.com recuperou o cliente ID: 28 [] []
[2025-12-28T19:35:44.842376+00:00] app_logs.INFO: joao.ribeiro@gmail.com recuperou o cliente ID: 30 [] []
[2025-12-28T19:35:47.034227+00:00] app_logs.INFO: joao.ribeiro@gmail.com eliminou (soft delete) o cliente ID: 30 [] []
[2025-12-28T19:35:50.973179+00:00] app_logs.INFO: joao.ribeiro@gmail.com destruiu permanentemente o cliente ID: 30 [] []
[2025-12-28T19:35:53.939316+00:00] app_logs.INFO: joao.ribeiro@gmail.com eliminou (soft delete) o cliente ID: 29 [] []
[2025-12-28T19:35:56.545547+00:00] app_logs.INFO: joao.ribeiro@gmail.com recuperou o cliente ID: 29 [] []
[2025-12-28T19:35:59.914946+00:00] app_logs.INFO: joao.ribeiro@gmail.com eliminou (soft delete) o cliente ID: 29 [] []
[2025-12-28T19:36:01.600625+00:00] app_logs.INFO: joao.ribeiro@gmail.com recuperou o cliente ID: 29 [] []
[2025-12-28T19:36:03.522494+00:00] app_logs.INFO: joao.ribeiro@gmail.com eliminou (soft delete) o cliente ID: 20 [] []
[2025-12-28T19:36:04.721499+00:00] app_logs.INFO: joao.ribeiro@gmail.com recuperou o cliente ID: 20 [] []
[2025-12-28T19:36:05.939862+00:00] app_logs.INFO: joao.ribeiro@gmail.com eliminou (soft delete) o cliente ID: 20 [] []
[2025-12-28T19:36:07.930767+00:00] app_logs.INFO: joao.ribeiro@gmail.com recuperou o cliente ID: 20 [] []
[2025-12-28T19:36:09.040588+00:00] app_logs.INFO: joao.ribeiro@gmail.com eliminou (soft delete) o cliente ID: 20 [] []
[2025-12-28T19:36:11.164496+00:00] app_logs.INFO: joao.ribeiro@gmail.com destruiu permanentemente o cliente ID: 20 [] []
[2025-12-28T19:36:13.241260+00:00] app_logs.INFO: joao.ribeiro@gmail.com eliminou (soft delete) o cliente ID: 29 [] []
[2025-12-28T19:36:16.414278+00:00] app_logs.INFO: joao.ribeiro@gmail.com destruiu permanentemente o cliente ID: 29 [] []
[2025-12-28T19:36:25.029084+00:00] app_logs.INFO: joao.ribeiro@gmail.com eliminou (soft delete) o cliente ID: 28 [] []
[2025-12-28T19:36:28.033568+00:00] app_logs.INFO: joao.ribeiro@gmail.com destruiu permanentemente o cliente ID: 28 [] []
[2025-12-28T19:36:29.062959+00:00] app_logs.INFO: joao.ribeiro@gmail.com eliminou (soft delete) o cliente ID: 27 [] []
[2025-12-28T19:36:31.886456+00:00] app_logs.INFO: joao.ribeiro@gmail.com destruiu permanentemente o cliente ID: 27 [] []
[2025-12-28T19:36:33.170403+00:00] app_logs.INFO: joao.ribeiro@gmail.com eliminou (soft delete) o cliente ID: 22 [] []
[2025-12-28T19:36:35.523456+00:00] app_logs.INFO: joao.ribeiro@gmail.com destruiu permanentemente o cliente ID: 22 [] []
[2025-12-28T19:36:36.533979+00:00] app_logs.INFO: joao.ribeiro@gmail.com eliminou (soft delete) o cliente ID: 21 [] []
[2025-12-28T19:36:37.648075+00:00] app_logs.INFO: joao.ribeiro@gmail.com recuperou o cliente ID: 21 [] []
[2025-12-28T19:36:38.866095+00:00] app_logs.INFO: joao.ribeiro@gmail.com eliminou (soft delete) o cliente ID: 21 [] []
[2025-12-28T19:36:40.742301+00:00] app_logs.INFO: joao.ribeiro@gmail.com destruiu permanentemente o cliente ID: 21 [] []
[2025-12-28T19:36:45.641632+00:00] app_logs.INFO: joao.ribeiro@gmail.com - fez logout [] []
[2025-12-28T19:36:53.948786+00:00] app_logs.ERROR: admin@bng.com - login inválido [] []
[2025-12-28T19:37:07.882084+00:00] app_logs.INFO: admin@bng.com - login com sucesso [] []
[2025-12-28T19:41:16.235213+00:00] app_logs.INFO: admin@bng.com - fez logout [] []
[2025-12-28T19:41:23.847695+00:00] app_logs.INFO: agent1@bng.com - login com sucesso [] []
[2025-12-28T19:47:26.021265+00:00] app_logs.INFO: agent1@bng.com - fez logout [] []
[2025-12-28T19:47:33.460910+00:00] app_logs.INFO: admin@bng.com - login com sucesso [] []
[2025-12-28T19:47:52.902831+00:00] app_logs.INFO: admin@bng.com - enviou relatório PDF por e-mail com sucesso. [] []
[2025-12-28T19:48:45.840408+00:00] app_logs.INFO: admin@bng.com - fez logout [] []
[2025-12-28T19:49:00.280778+00:00] app_logs.INFO: joaomarcelosuzartcastro@gmail.com - login com sucesso [] []
[2025-12-28T19:49:49.507741+00:00] app_logs.ERROR: Erro ao enviar relatório por e-mail: SMTP Error: Could not connect to SMTP host. Failed to connect to server SMTP server error: Failed to connect to server SMTP code: 10060 Additional SMTP info: Uma tentativa de conexão falhou porque o componente conectado não respondeu corretamente após um período de tempo ou a conexão estabelecida falhou porque o host conectado não respondeu [] []
[2025-12-28T20:33:36.539731+00:00] app_logs.INFO: joaomarcelosuzartcastro@gmail.com - enviou relatório PDF por e-mail com sucesso. [] []
[2025-12-28T20:33:43.377063+00:00] app_logs.INFO: joaomarcelosuzartcastro@gmail.com - enviou relatório PDF por e-mail com sucesso. [] []
[2025-12-28T20:41:13.258687+00:00] app_logs.INFO: admin@bng.com - login com sucesso [] []
[2025-12-28T20:44:07.583454+00:00] app_logs.INFO: admin@bng.com - exportou lista global de clientes (XLSX): clientes_bng_20251228_204404.xlsx [] []
[2025-12-28T20:44:31.591380+00:00] app_logs.INFO: admin@bng.com - enviou relatório PDF por e-mail com sucesso. [] []
[2025-12-28T20:45:24.126349+00:00] app_logs.INFO: admin@bng.com - fez logout [] []
[2025-12-28T20:45:33.725260+00:00] app_logs.INFO: joaomarcelosuzartcastro@gmail.com - login com sucesso [] []
[2025-12-28T20:45:47.937281+00:00] app_logs.INFO: joaomarcelosuzartcastro@gmail.com - enviou relatório PDF por e-mail com sucesso. [] []
[2025-12-28T20:46:39.446548+00:00] app_logs.INFO: joaomarcelosuzartcastro@gmail.com - fez logout [] []
[2025-12-28T20:46:55.056283+00:00] app_logs.INFO: agent1@bng.com - login com sucesso [] []
[2025-12-28T20:47:13.522146+00:00] app_logs.INFO: agent1@bng.com - fez logout [] []
[2025-12-28T20:47:17.652026+00:00] app_logs.INFO: admin@bng.com - login com sucesso [] []
[2025-12-28T20:47:33.530500+00:00] app_logs.INFO: admin@bng.com - fez logout [] []
[2025-12-28T20:47:50.018840+00:00] app_logs.INFO: agent1@bng.com - login com sucesso [] []
[2025-12-28T20:50:40.439718+00:00] app_logs.INFO: agent1@bng.com editou o cliente ID: 13 [] []
[2025-12-28T20:50:54.475868+00:00] app_logs.INFO: agent1@bng.com editou o cliente ID: 4 [] []
[2025-12-28T20:51:03.207073+00:00] app_logs.INFO: agent1@bng.com - fez logout [] []
[2025-12-28T20:51:14.324722+00:00] app_logs.ERROR: agente2@bng.com - login inválido [] []
[2025-12-28T20:51:24.765350+00:00] app_logs.INFO: agent2@bng.com - login com sucesso [] []
[2025-12-28T20:51:35.608865+00:00] app_logs.INFO: agent2@bng.com - fez logout [] []
[2025-12-28T20:51:43.258815+00:00] app_logs.INFO: admin@bng.com - login com sucesso [] []
[2025-12-28T20:51:57.704609+00:00] app_logs.INFO: admin@bng.com - fez logout [] []
[2025-12-28T20:52:12.829328+00:00] app_logs.INFO: joao.ribeiro@gmail.com - login com sucesso [] []
[2025-12-28T20:52:47.227502+00:00] app_logs.INFO: joao.ribeiro@gmail.com editou o cliente ID: 17 [] []
[2025-12-28T20:52:55.514263+00:00] app_logs.INFO: joao.ribeiro@gmail.com - fez logout [] []
[2025-12-28T20:53:04.299770+00:00] app_logs.ERROR: joaomarcelosuzartcastro@gmail.com - login inválido [] []
[2025-12-28T20:53:15.582609+00:00] app_logs.INFO: joaomarcelosuzartcastro@gmail.com - login com sucesso [] []
[2025-12-28T20:55:50.850069+00:00] app_logs.INFO: joaomarcelosuzartcastro@gmail.com - enviou relatório PDF por e-mail com sucesso. [] []
[2025-12-28T21:08:02.975037+00:00] app_logs.INFO: joaomarcelosuzartcastro@gmail.com - fez logout [] []
[2025-12-28T21:08:16.994064+00:00] app_logs.INFO: admin@bng.com - login com sucesso [] []
[2025-12-28T21:31:41.652095+00:00] app_logs.INFO: admin@bng.com - fez logout [] []
[2025-12-28T21:32:11.569989+00:00] app_logs.INFO: admin@bng.com - login com sucesso [] []
[2025-12-28T21:37:46.940142+00:00] app_logs.INFO: admin@bng.com - fez logout [] []
[2025-12-28T21:37:57.516009+00:00] app_logs.INFO: agent1@bng.com - login com sucesso [] []
[2025-12-28T21:38:17.128176+00:00] app_logs.INFO: agent1@bng.com - fez logout [] []
[2025-12-28T21:38:25.937655+00:00] app_logs.INFO: joaomarcelosuzartcastro@gmail.com - login com sucesso [] []
[2025-12-28T21:45:16.887132+00:00] app_logs.INFO: joaomarcelosuzartcastro@gmail.com - fez logout [] []
[2025-12-28T21:45:21.351448+00:00] app_logs.ERROR: admin@bng.com - login inválido [] []
[2025-12-28T21:45:39.534904+00:00] app_logs.INFO: admin@bng.com - login com sucesso [] []
[2025-12-29T12:46:34.510390+00:00] app_logs.INFO: admin@bng.com - login com sucesso [] []
[2025-12-29T12:46:54.559997+00:00] app_logs.INFO: admin@bng.com - enviou relatório PDF por e-mail com sucesso. [] []
[2025-12-29T12:47:44.513450+00:00] app_logs.INFO: admin@bng.com - fez logout [] []
[2025-12-29T12:48:00.151868+00:00] app_logs.INFO: joaomarcelosuzartcastro@gmail.com - login com sucesso [] []
[2025-12-29T12:48:12.396689+00:00] app_logs.INFO: joaomarcelosuzartcastro@gmail.com - enviou relatório PDF por e-mail com sucesso. [] []
[2025-12-29T12:50:54.099311+00:00] app_logs.INFO: joaomarcelosuzartcastro@gmail.com - fez logout [] []
[2025-12-29T12:51:09.261037+00:00] app_logs.INFO: admin@bng.com - login com sucesso [] []
[2025-12-29T14:55:48.303781+00:00] app_logs.INFO: admin@bng.com - fez logout [] []
[2025-12-29T14:56:13.133728+00:00] app_logs.INFO: joaomarcelosuzartcastro@gmail.com - login com sucesso [] []
[2026-01-18T16:36:48.401090+00:00] app_logs.INFO: admin@bng.com - login com sucesso [] []
[2026-01-22T14:23:16.295877+00:00] app_logs.INFO: admin@bng.com - login com sucesso [] []
[2026-01-22T14:23:26.918444+00:00] app_logs.INFO: admin@bng.com - exportou lista global de clientes (XLSX): clientes_bng_20260122_142323.xlsx [] []
[2026-01-22T14:23:59.373205+00:00] app_logs.INFO: admin@bng.com - gerou relatório estatístico em PDF. [] []
[2026-01-22T14:24:23.399402+00:00] app_logs.INFO: admin@bng.com - gerou relatório estatístico em PDF. [] []
[2026-01-22T15:32:03.915321+00:00] app_logs.INFO: admin@bng.com - gerou relatório estatístico em PDF. [] []
[2026-01-22T15:47:48.480293+00:00] app_logs.INFO: admin@bng.com - gerou relatório estatístico em PDF. [] []
[2026-01-22T15:51:39.899911+00:00] app_logs.INFO: admin@bng.com - gerou relatório estatístico em PDF. [] []
[2026-01-22T15:56:19.464506+00:00] app_logs.INFO: admin@bng.com - gerou relatório estatístico em PDF. [] []
[2026-01-22T15:56:24.550035+00:00] app_logs.INFO: admin@bng.com - gerou relatório estatístico em PDF. [] []
[2026-01-22T15:59:48.222412+00:00] app_logs.INFO: admin@bng.com - gerou relatório estatístico em PDF. [] []
[2026-01-22T16:00:46.376439+00:00] app_logs.INFO: admin@bng.com - gerou relatório estatístico em PDF. [] []
[2026-01-22T16:00:54.239913+00:00] app_logs.INFO: admin@bng.com - gerou relatório estatístico em PDF. [] []
[2026-01-22T16:00:57.797307+00:00] app_logs.INFO: admin@bng.com - gerou relatório estatístico em PDF. [] []
[2026-01-22T16:01:04.471495+00:00] app_logs.INFO: admin@bng.com - gerou relatório estatístico em PDF. [] []
[2026-01-22T16:01:13.526898+00:00] app_logs.INFO: admin@bng.com - gerou relatório estatístico em PDF. [] []
[2026-01-22T16:01:58.043281+00:00] app_logs.INFO: admin@bng.com - gerou relatório estatístico em PDF. [] []
[2026-01-22T16:03:33.854237+00:00] app_logs.INFO: admin@bng.com - gerou relatório estatístico em PDF. [] []
[2026-01-22T16:03:46.437513+00:00] app_logs.INFO: admin@bng.com - gerou relatório estatístico em PDF. [] []
[2026-01-22T16:03:47.087852+00:00] app_logs.INFO: admin@bng.com - gerou relatório estatístico em PDF. [] []
[2026-01-22T16:03:47.335582+00:00] app_logs.INFO: admin@bng.com - gerou relatório estatístico em PDF. [] []
[2026-01-22T16:03:47.495325+00:00] app_logs.INFO: admin@bng.com - gerou relatório estatístico em PDF. [] []
[2026-01-22T16:03:47.663025+00:00] app_logs.INFO: admin@bng.com - gerou relatório estatístico em PDF. [] []
[2026-01-22T16:03:50.036275+00:00] app_logs.INFO: admin@bng.com - gerou relatório estatístico em PDF. [] []
[2026-01-22T16:04:43.537258+00:00] app_logs.INFO: admin@bng.com - gerou relatório estatístico em PDF. [] []
[2026-01-22T16:04:56.615882+00:00] app_logs.INFO: admin@bng.com - gerou relatório estatístico em PDF. [] []
[2026-01-22T16:07:18.373641+00:00] app_logs.INFO: admin@bng.com - gerou relatório estatístico em PDF. [] []
[2026-01-22T16:55:44.524987+00:00] app_logs.INFO: admin@bng.com - gerou relatório estatístico em PDF. [] []
[2026-01-22T16:59:49.320507+00:00] app_logs.INFO: admin@bng.com - gerou relatório estatístico em PDF. [] []
[2026-01-22T16:59:54.269201+00:00] app_logs.INFO: admin@bng.com - fez logout [] []
[2026-01-22T17:00:16.434546+00:00] app_logs.INFO: admin@bng.com - login com sucesso [] []
[2026-01-22T17:00:47.335032+00:00] app_logs.INFO: admin@bng.com - gerou relatório estatístico em PDF. [] []
[2026-01-22T17:04:42.552140+00:00] app_logs.INFO: admin@bng.com - gerou relatório estatístico em PDF. [] []
[2026-01-22T17:05:51.325857+00:00] app_logs.INFO: admin@bng.com - gerou relatório estatístico em PDF. [] []
[2026-01-22T17:09:21.025905+00:00] app_logs.INFO: admin@bng.com - gerou relatório estatístico em PDF. [] []
[2026-01-22T17:10:00.815434+00:00] app_logs.INFO: admin@bng.com - gerou relatório estatístico em PDF. [] []
[2026-01-22T17:13:51.314513+00:00] app_logs.INFO: admin@bng.com - gerou relatório estatístico em PDF. [] []
[2026-01-22T17:14:05.289050+00:00] app_logs.ERROR: Erro ao enviar relatório por e-mail: SMTP Error: Could not authenticate. [] []
[2026-01-22T17:14:45.040897+00:00] app_logs.ERROR: Erro ao enviar relatório por e-mail: SMTP Error: Could not authenticate. [] []
[2026-01-22T17:18:57.000649+00:00] app_logs.INFO: admin@bng.com - enviou relatório PDF por e-mail com sucesso. [] []
[2026-01-22T17:19:03.696589+00:00] app_logs.INFO: admin@bng.com - enviou relatório PDF por e-mail com sucesso. [] []
[2026-01-22T17:19:14.522198+00:00] app_logs.INFO: admin@bng.com - fez logout [] []
[2026-01-22T17:19:36.563623+00:00] app_logs.ERROR: joaomarcelosuzartcastro@gmail.com - login inválido [] []
[2026-01-22T17:19:50.666561+00:00] app_logs.ERROR: joaomarcelosuzartcastro@gmail.com - login inválido [] []
[2026-01-22T17:21:29.606319+00:00] app_logs.INFO: agent1@bng.com - login com sucesso [] []
[2026-01-22T17:21:43.006449+00:00] app_logs.INFO: agent1@bng.com - fez logout [] []
[2026-01-22T17:22:04.240448+00:00] app_logs.INFO: admin@bng.com - login com sucesso [] []
[2026-01-22T17:23:29.737154+00:00] app_logs.INFO: E-mail de boas-vindas enviado para novo agente: joaomarcelosuzartcastro@gmail.com [] []
[2026-01-22T17:23:29.739340+00:00] app_logs.INFO: admin@bng.com criou novo agente: joaomarcelosuzartcastro@gmail.com (perfil: admin) [] []
[2026-01-22T17:24:02.716644+00:00] app_logs.INFO: E-mail de notificação enviado para: joaomarcelosuzartcastro@gmail.com [] []
[2026-01-22T17:24:05.524232+00:00] app_logs.INFO: admin@bng.com - fez logout [] []
[2026-01-22T17:24:13.096099+00:00] app_logs.INFO: joaomarcelosuzartcastro@gmail.com - login com sucesso [] []
[2026-01-22T17:24:34.768129+00:00] app_logs.INFO: joaomarcelosuzartcastro@gmail.com - enviou relatório PDF por e-mail com sucesso. [] []
[2026-01-22T17:24:59.047736+00:00] app_logs.INFO: joaomarcelosuzartcastro@gmail.com - gerou relatório estatístico em PDF. [] []
[2026-01-22T17:42:07.141210+00:00] app_logs.INFO: joaomarcelosuzartcastro@gmail.com - enviou relatório PDF por e-mail com sucesso. [] []
[2026-01-22T19:11:42.858192+00:00] app_logs.INFO: joaomarcelosuzartcastro@gmail.com - gerou relatório estatístico em PDF. [] []
[2026-01-22T19:12:11.564567+00:00] app_logs.INFO: joaomarcelosuzartcastro@gmail.com - gerou relatório estatístico em PDF. [] []
[2026-01-22T19:12:22.216151+00:00] app_logs.ERROR: Erro ao enviar relatório por e-mail: Invalid address:  (From):  [] []
[2026-01-22T19:16:55.941871+00:00] app_logs.ERROR: Erro ao enviar relatório por e-mail: Invalid address:  (From):  [] []
[2026-01-22T19:16:56.905989+00:00] app_logs.ERROR: Erro ao enviar relatório por e-mail: Invalid address:  (From):  [] []
[2026-01-22T19:16:57.089166+00:00] app_logs.ERROR: Erro ao enviar relatório por e-mail: Invalid address:  (From):  [] []
[2026-01-22T19:16:57.260387+00:00] app_logs.ERROR: Erro ao enviar relatório por e-mail: Invalid address:  (From):  [] []
[2026-01-22T19:16:57.444442+00:00] app_logs.ERROR: Erro ao enviar relatório por e-mail: Invalid address:  (From):  [] []
[2026-01-22T19:16:57.616270+00:00] app_logs.ERROR: Erro ao enviar relatório por e-mail: Invalid address:  (From):  [] []
[2026-01-22T19:26:25.790323+00:00] app_logs.INFO: joaomarcelosuzartcastro@gmail.com - enviou relatório PDF por e-mail com sucesso. [] []
[2026-01-22T19:26:29.239844+00:00] app_logs.INFO: joaomarcelosuzartcastro@gmail.com - gerou relatório estatístico em PDF. [] []
[2026-01-22T19:28:52.548485+00:00] app_logs.INFO: joaomarcelosuzartcastro@gmail.com - gerou relatório estatístico em PDF. [] []
[2026-01-22T20:07:14.246152+00:00] app_logs.ERROR: Erro ao enviar relatório por e-mail: Invalid address:  (to):  [] []
[2026-01-22T20:07:46.039255+00:00] app_logs.INFO: joaomarcelosuzartcastro@gmail.com - enviou relatório PDF por e-mail com sucesso. [] []
[2026-01-22T20:18:31.683642+00:00] app_logs.INFO: joaomarcelosuzartcastro@gmail.com - enviou relatório PDF por e-mail com sucesso. [] []
